<?xml version="1.0" encoding="utf-8"?>
<test-run id="2" name="Inheritance.Geometry.exe" fullname="D:/Prog/programming2020/CS/Geometry/bin/Debug/Inheritance.Geometry.exe" testcasecount="155" result="Failed" start-time="2021-03-09 05:26:41Z" end-time="2021-03-09 05:26:42Z" duration="0.893463" total="155" passed="100" failed="55" inconclusive="0" skipped="0" asserts="9264" random-seed="1025606814">
  <command-line><![CDATA["D:\Prog\programming2020\CS\Geometry\bin\Debug\Inheritance.Geometry.exe"   ]]></command-line>
  <filter />
  <test-suite type="Assembly" id="1172" name="Inheritance.Geometry.exe" fullname="D:/Prog/programming2020/CS/Geometry/bin/Debug/Inheritance.Geometry.exe" runstate="Runnable" testcasecount="155" result="Failed" site="Child" start-time="2021-03-09 05:26:41Z" end-time="2021-03-09 05:26:42Z" duration="0.893463" total="155" passed="100" failed="55" warnings="0" inconclusive="0" skipped="0" asserts="9264">
    <environment framework-version="3.6.0.0" clr-version="4.0.30319.42000" os-version="Microsoft Windows NT 6.2.9200.0" platform="Win32NT" cwd="D:\Prog\programming2020\CS\Geometry\bin\Debug" machine-name="HOME" user="Михаил" user-domain="home" culture="ru-RU" uiculture="ru-RU" os-architecture="x86" />
    <settings>
      <setting name="WorkDirectory" value="D:\Prog\programming2020\CS\Geometry\bin\Debug" />
      <setting name="NumberOfTestWorkers" value="4" />
    </settings>
    <properties>
      <property name="_PID" value="7352" />
      <property name="_APPDOMAIN" value="Inheritance.Geometry.exe" />
    </properties>
    <failure>
      <message><![CDATA[One or more child tests had errors]]></message>
    </failure>
    <test-suite type="TestSuite" id="1173" name="Inheritance" fullname="Inheritance" runstate="Runnable" testcasecount="155" result="Failed" site="Child" start-time="2021-03-09 05:26:41Z" end-time="2021-03-09 05:26:42Z" duration="0.879587" total="155" passed="100" failed="55" warnings="0" inconclusive="0" skipped="0" asserts="9264">
      <failure>
        <message><![CDATA[One or more child tests had errors]]></message>
      </failure>
      <test-suite type="TestSuite" id="1174" name="Geometry" fullname="Inheritance.Geometry" runstate="Runnable" testcasecount="155" result="Failed" site="Child" start-time="2021-03-09 05:26:41Z" end-time="2021-03-09 05:26:42Z" duration="0.875608" total="155" passed="100" failed="55" warnings="0" inconclusive="0" skipped="0" asserts="9264">
        <failure>
          <message><![CDATA[One or more child tests had errors]]></message>
        </failure>
        <test-suite type="TestSuite" id="1175" name="Virtual" fullname="Inheritance.Geometry.Virtual" runstate="Runnable" testcasecount="100" result="Passed" start-time="2021-03-09 05:26:41Z" end-time="2021-03-09 05:26:42Z" duration="0.551374" total="100" passed="100" failed="0" warnings="0" inconclusive="0" skipped="0" asserts="9264">
          <test-suite type="TestFixture" id="1000" name="VirtualTask_Should" fullname="Inheritance.Geometry.Virtual.VirtualTask_Should" classname="Inheritance.Geometry.Virtual.VirtualTask_Should" runstate="Runnable" testcasecount="100" result="Passed" start-time="2021-03-09 05:26:41Z" end-time="2021-03-09 05:26:42Z" duration="0.544433" total="100" passed="100" failed="0" warnings="0" inconclusive="0" skipped="0" asserts="9264">
            <test-suite type="ParameterizedMethod" id="1028" name="Ball_BoundingBox_IsCorrect" fullname="Inheritance.Geometry.Virtual.VirtualTask_Should.Ball_BoundingBox_IsCorrect" classname="Inheritance.Geometry.Virtual.VirtualTask_Should" runstate="Runnable" testcasecount="13" result="Passed" start-time="2021-03-09 05:26:41Z" end-time="2021-03-09 05:26:42Z" duration="0.083797" total="13" passed="13" failed="0" warnings="0" inconclusive="0" skipped="0" asserts="52">
              <test-case id="1015" name="Ball_BoundingBox_IsCorrect(0,0,0,1)" fullname="Inheritance.Geometry.Virtual.VirtualTask_Should.Ball_BoundingBox_IsCorrect(0,0,0,1)" methodname="Ball_BoundingBox_IsCorrect" classname="Inheritance.Geometry.Virtual.VirtualTask_Should" runstate="Runnable" seed="1366205121" result="Passed" start-time="2021-03-09 05:26:41Z" end-time="2021-03-09 05:26:41Z" duration="0.023493" asserts="4" />
              <test-case id="1016" name="Ball_BoundingBox_IsCorrect(6,2,4,0)" fullname="Inheritance.Geometry.Virtual.VirtualTask_Should.Ball_BoundingBox_IsCorrect(6,2,4,0)" methodname="Ball_BoundingBox_IsCorrect" classname="Inheritance.Geometry.Virtual.VirtualTask_Should" runstate="Runnable" seed="1027640520" result="Passed" start-time="2021-03-09 05:26:41Z" end-time="2021-03-09 05:26:41Z" duration="0.000183" asserts="4" />
              <test-case id="1017" name="Ball_BoundingBox_IsCorrect(-6,2,4,0)" fullname="Inheritance.Geometry.Virtual.VirtualTask_Should.Ball_BoundingBox_IsCorrect(-6,2,4,0)" methodname="Ball_BoundingBox_IsCorrect" classname="Inheritance.Geometry.Virtual.VirtualTask_Should" runstate="Runnable" seed="130413629" result="Passed" start-time="2021-03-09 05:26:41Z" end-time="2021-03-09 05:26:41Z" duration="0.000478" asserts="4" />
              <test-case id="1018" name="Ball_BoundingBox_IsCorrect(-6,-2,4,0)" fullname="Inheritance.Geometry.Virtual.VirtualTask_Should.Ball_BoundingBox_IsCorrect(-6,-2,4,0)" methodname="Ball_BoundingBox_IsCorrect" classname="Inheritance.Geometry.Virtual.VirtualTask_Should" runstate="Runnable" seed="84068258" result="Passed" start-time="2021-03-09 05:26:41Z" end-time="2021-03-09 05:26:41Z" duration="0.000177" asserts="4" />
              <test-case id="1019" name="Ball_BoundingBox_IsCorrect(-6,-2,-4,0)" fullname="Inheritance.Geometry.Virtual.VirtualTask_Should.Ball_BoundingBox_IsCorrect(-6,-2,-4,0)" methodname="Ball_BoundingBox_IsCorrect" classname="Inheritance.Geometry.Virtual.VirtualTask_Should" runstate="Runnable" seed="149317263" result="Passed" start-time="2021-03-09 05:26:41Z" end-time="2021-03-09 05:26:41Z" duration="0.000162" asserts="4" />
              <test-case id="1020" name="Ball_BoundingBox_IsCorrect(6,2,-4,0)" fullname="Inheritance.Geometry.Virtual.VirtualTask_Should.Ball_BoundingBox_IsCorrect(6,2,-4,0)" methodname="Ball_BoundingBox_IsCorrect" classname="Inheritance.Geometry.Virtual.VirtualTask_Should" runstate="Runnable" seed="404046269" result="Passed" start-time="2021-03-09 05:26:41Z" end-time="2021-03-09 05:26:41Z" duration="0.000153" asserts="4" />
              <test-case id="1021" name="Ball_BoundingBox_IsCorrect(6,-2,-4,0)" fullname="Inheritance.Geometry.Virtual.VirtualTask_Should.Ball_BoundingBox_IsCorrect(6,-2,-4,0)" methodname="Ball_BoundingBox_IsCorrect" classname="Inheritance.Geometry.Virtual.VirtualTask_Should" runstate="Runnable" seed="2005784569" result="Passed" start-time="2021-03-09 05:26:41Z" end-time="2021-03-09 05:26:41Z" duration="0.000172" asserts="4" />
              <test-case id="1022" name="Ball_BoundingBox_IsCorrect(6,2,4,2)" fullname="Inheritance.Geometry.Virtual.VirtualTask_Should.Ball_BoundingBox_IsCorrect(6,2,4,2)" methodname="Ball_BoundingBox_IsCorrect" classname="Inheritance.Geometry.Virtual.VirtualTask_Should" runstate="Runnable" seed="610615468" result="Passed" start-time="2021-03-09 05:26:41Z" end-time="2021-03-09 05:26:41Z" duration="0.000173" asserts="4" />
              <test-case id="1023" name="Ball_BoundingBox_IsCorrect(-6,2,4,4)" fullname="Inheritance.Geometry.Virtual.VirtualTask_Should.Ball_BoundingBox_IsCorrect(-6,2,4,4)" methodname="Ball_BoundingBox_IsCorrect" classname="Inheritance.Geometry.Virtual.VirtualTask_Should" runstate="Runnable" seed="1240896808" result="Passed" start-time="2021-03-09 05:26:41Z" end-time="2021-03-09 05:26:41Z" duration="0.000131" asserts="4" />
              <test-case id="1024" name="Ball_BoundingBox_IsCorrect(-6,-2,4,9)" fullname="Inheritance.Geometry.Virtual.VirtualTask_Should.Ball_BoundingBox_IsCorrect(-6,-2,4,9)" methodname="Ball_BoundingBox_IsCorrect" classname="Inheritance.Geometry.Virtual.VirtualTask_Should" runstate="Runnable" seed="1779149788" result="Passed" start-time="2021-03-09 05:26:41Z" end-time="2021-03-09 05:26:41Z" duration="0.000175" asserts="4" />
              <test-case id="1025" name="Ball_BoundingBox_IsCorrect(-6,-2,-4,8)" fullname="Inheritance.Geometry.Virtual.VirtualTask_Should.Ball_BoundingBox_IsCorrect(-6,-2,-4,8)" methodname="Ball_BoundingBox_IsCorrect" classname="Inheritance.Geometry.Virtual.VirtualTask_Should" runstate="Runnable" seed="515977265" result="Passed" start-time="2021-03-09 05:26:42Z" end-time="2021-03-09 05:26:42Z" duration="0.000193" asserts="4" />
              <test-case id="1026" name="Ball_BoundingBox_IsCorrect(6,2,-4,7)" fullname="Inheritance.Geometry.Virtual.VirtualTask_Should.Ball_BoundingBox_IsCorrect(6,2,-4,7)" methodname="Ball_BoundingBox_IsCorrect" classname="Inheritance.Geometry.Virtual.VirtualTask_Should" runstate="Runnable" seed="807360852" result="Passed" start-time="2021-03-09 05:26:42Z" end-time="2021-03-09 05:26:42Z" duration="0.000201" asserts="4" />
              <test-case id="1027" name="Ball_BoundingBox_IsCorrect(6,-2,-4,1)" fullname="Inheritance.Geometry.Virtual.VirtualTask_Should.Ball_BoundingBox_IsCorrect(6,-2,-4,1)" methodname="Ball_BoundingBox_IsCorrect" classname="Inheritance.Geometry.Virtual.VirtualTask_Should" runstate="Runnable" seed="879523572" result="Passed" start-time="2021-03-09 05:26:42Z" end-time="2021-03-09 05:26:42Z" duration="0.000194" asserts="4" />
            </test-suite>
            <test-suite type="ParameterizedMethod" id="1014" name="Ball_ContainsPoint_IsCorrect" fullname="Inheritance.Geometry.Virtual.VirtualTask_Should.Ball_ContainsPoint_IsCorrect" classname="Inheritance.Geometry.Virtual.VirtualTask_Should" runstate="Runnable" testcasecount="13" result="Passed" start-time="2021-03-09 05:26:42Z" end-time="2021-03-09 05:26:42Z" duration="0.058108" total="13" passed="13" failed="0" warnings="0" inconclusive="0" skipped="0" asserts="195">
              <test-case id="1001" name="Ball_ContainsPoint_IsCorrect(0,0,0,1)" fullname="Inheritance.Geometry.Virtual.VirtualTask_Should.Ball_ContainsPoint_IsCorrect(0,0,0,1)" methodname="Ball_ContainsPoint_IsCorrect" classname="Inheritance.Geometry.Virtual.VirtualTask_Should" runstate="Runnable" seed="2141937340" result="Passed" start-time="2021-03-09 05:26:42Z" end-time="2021-03-09 05:26:42Z" duration="0.005312" asserts="15" />
              <test-case id="1002" name="Ball_ContainsPoint_IsCorrect(6,2,4,0)" fullname="Inheritance.Geometry.Virtual.VirtualTask_Should.Ball_ContainsPoint_IsCorrect(6,2,4,0)" methodname="Ball_ContainsPoint_IsCorrect" classname="Inheritance.Geometry.Virtual.VirtualTask_Should" runstate="Runnable" seed="1615832333" result="Passed" start-time="2021-03-09 05:26:42Z" end-time="2021-03-09 05:26:42Z" duration="0.000491" asserts="15" />
              <test-case id="1003" name="Ball_ContainsPoint_IsCorrect(-6,2,4,0)" fullname="Inheritance.Geometry.Virtual.VirtualTask_Should.Ball_ContainsPoint_IsCorrect(-6,2,4,0)" methodname="Ball_ContainsPoint_IsCorrect" classname="Inheritance.Geometry.Virtual.VirtualTask_Should" runstate="Runnable" seed="635548102" result="Passed" start-time="2021-03-09 05:26:42Z" end-time="2021-03-09 05:26:42Z" duration="0.000483" asserts="15" />
              <test-case id="1004" name="Ball_ContainsPoint_IsCorrect(-6,-2,4,0)" fullname="Inheritance.Geometry.Virtual.VirtualTask_Should.Ball_ContainsPoint_IsCorrect(-6,-2,4,0)" methodname="Ball_ContainsPoint_IsCorrect" classname="Inheritance.Geometry.Virtual.VirtualTask_Should" runstate="Runnable" seed="970677880" result="Passed" start-time="2021-03-09 05:26:42Z" end-time="2021-03-09 05:26:42Z" duration="0.000200" asserts="15" />
              <test-case id="1005" name="Ball_ContainsPoint_IsCorrect(-6,-2,-4,0)" fullname="Inheritance.Geometry.Virtual.VirtualTask_Should.Ball_ContainsPoint_IsCorrect(-6,-2,-4,0)" methodname="Ball_ContainsPoint_IsCorrect" classname="Inheritance.Geometry.Virtual.VirtualTask_Should" runstate="Runnable" seed="1275462259" result="Passed" start-time="2021-03-09 05:26:42Z" end-time="2021-03-09 05:26:42Z" duration="0.000240" asserts="15" />
              <test-case id="1006" name="Ball_ContainsPoint_IsCorrect(6,2,-4,0)" fullname="Inheritance.Geometry.Virtual.VirtualTask_Should.Ball_ContainsPoint_IsCorrect(6,2,-4,0)" methodname="Ball_ContainsPoint_IsCorrect" classname="Inheritance.Geometry.Virtual.VirtualTask_Should" runstate="Runnable" seed="722979950" result="Passed" start-time="2021-03-09 05:26:42Z" end-time="2021-03-09 05:26:42Z" duration="0.000268" asserts="15" />
              <test-case id="1007" name="Ball_ContainsPoint_IsCorrect(6,-2,-4,0)" fullname="Inheritance.Geometry.Virtual.VirtualTask_Should.Ball_ContainsPoint_IsCorrect(6,-2,-4,0)" methodname="Ball_ContainsPoint_IsCorrect" classname="Inheritance.Geometry.Virtual.VirtualTask_Should" runstate="Runnable" seed="1853101813" result="Passed" start-time="2021-03-09 05:26:42Z" end-time="2021-03-09 05:26:42Z" duration="0.000183" asserts="15" />
              <test-case id="1008" name="Ball_ContainsPoint_IsCorrect(6,2,4,2)" fullname="Inheritance.Geometry.Virtual.VirtualTask_Should.Ball_ContainsPoint_IsCorrect(6,2,4,2)" methodname="Ball_ContainsPoint_IsCorrect" classname="Inheritance.Geometry.Virtual.VirtualTask_Should" runstate="Runnable" seed="2063274951" result="Passed" start-time="2021-03-09 05:26:42Z" end-time="2021-03-09 05:26:42Z" duration="0.000200" asserts="15" />
              <test-case id="1009" name="Ball_ContainsPoint_IsCorrect(-6,2,4,4)" fullname="Inheritance.Geometry.Virtual.VirtualTask_Should.Ball_ContainsPoint_IsCorrect(-6,2,4,4)" methodname="Ball_ContainsPoint_IsCorrect" classname="Inheritance.Geometry.Virtual.VirtualTask_Should" runstate="Runnable" seed="498959700" result="Passed" start-time="2021-03-09 05:26:42Z" end-time="2021-03-09 05:26:42Z" duration="0.000218" asserts="15" />
              <test-case id="1010" name="Ball_ContainsPoint_IsCorrect(-6,-2,4,9)" fullname="Inheritance.Geometry.Virtual.VirtualTask_Should.Ball_ContainsPoint_IsCorrect(-6,-2,4,9)" methodname="Ball_ContainsPoint_IsCorrect" classname="Inheritance.Geometry.Virtual.VirtualTask_Should" runstate="Runnable" seed="1097700197" result="Passed" start-time="2021-03-09 05:26:42Z" end-time="2021-03-09 05:26:42Z" duration="0.000257" asserts="15" />
              <test-case id="1011" name="Ball_ContainsPoint_IsCorrect(-6,-2,-4,8)" fullname="Inheritance.Geometry.Virtual.VirtualTask_Should.Ball_ContainsPoint_IsCorrect(-6,-2,-4,8)" methodname="Ball_ContainsPoint_IsCorrect" classname="Inheritance.Geometry.Virtual.VirtualTask_Should" runstate="Runnable" seed="1119015918" result="Passed" start-time="2021-03-09 05:26:42Z" end-time="2021-03-09 05:26:42Z" duration="0.000207" asserts="15" />
              <test-case id="1012" name="Ball_ContainsPoint_IsCorrect(6,2,-4,7)" fullname="Inheritance.Geometry.Virtual.VirtualTask_Should.Ball_ContainsPoint_IsCorrect(6,2,-4,7)" methodname="Ball_ContainsPoint_IsCorrect" classname="Inheritance.Geometry.Virtual.VirtualTask_Should" runstate="Runnable" seed="524827909" result="Passed" start-time="2021-03-09 05:26:42Z" end-time="2021-03-09 05:26:42Z" duration="0.000283" asserts="15" />
              <test-case id="1013" name="Ball_ContainsPoint_IsCorrect(6,-2,-4,1)" fullname="Inheritance.Geometry.Virtual.VirtualTask_Should.Ball_ContainsPoint_IsCorrect(6,-2,-4,1)" methodname="Ball_ContainsPoint_IsCorrect" classname="Inheritance.Geometry.Virtual.VirtualTask_Should" runstate="Runnable" seed="1343959333" result="Passed" start-time="2021-03-09 05:26:42Z" end-time="2021-03-09 05:26:42Z" duration="0.000259" asserts="15" />
            </test-suite>
            <test-suite type="ParameterizedMethod" id="1109" name="CompoundBody_BoundingBox_IsCorrect" fullname="Inheritance.Geometry.Virtual.VirtualTask_Should.CompoundBody_BoundingBox_IsCorrect" classname="Inheritance.Geometry.Virtual.VirtualTask_Should" runstate="Runnable" testcasecount="9" result="Passed" start-time="2021-03-09 05:26:42Z" end-time="2021-03-09 05:26:42Z" duration="0.045056" total="9" passed="9" failed="0" warnings="0" inconclusive="0" skipped="0" asserts="108">
              <test-case id="1100" name="CompoundBody_BoundingBox_IsCorrect(0,0,0,1)" fullname="Inheritance.Geometry.Virtual.VirtualTask_Should.CompoundBody_BoundingBox_IsCorrect(0,0,0,1)" methodname="CompoundBody_BoundingBox_IsCorrect" classname="Inheritance.Geometry.Virtual.VirtualTask_Should" runstate="Runnable" seed="2010595692" result="Passed" start-time="2021-03-09 05:26:42Z" end-time="2021-03-09 05:26:42Z" duration="0.005498" asserts="12" />
              <test-case id="1101" name="CompoundBody_BoundingBox_IsCorrect(0,0,0,6)" fullname="Inheritance.Geometry.Virtual.VirtualTask_Should.CompoundBody_BoundingBox_IsCorrect(0,0,0,6)" methodname="CompoundBody_BoundingBox_IsCorrect" classname="Inheritance.Geometry.Virtual.VirtualTask_Should" runstate="Runnable" seed="1158058070" result="Passed" start-time="2021-03-09 05:26:42Z" end-time="2021-03-09 05:26:42Z" duration="0.000199" asserts="12" />
              <test-case id="1102" name="CompoundBody_BoundingBox_IsCorrect(0,0,0,7)" fullname="Inheritance.Geometry.Virtual.VirtualTask_Should.CompoundBody_BoundingBox_IsCorrect(0,0,0,7)" methodname="CompoundBody_BoundingBox_IsCorrect" classname="Inheritance.Geometry.Virtual.VirtualTask_Should" runstate="Runnable" seed="1436651474" result="Passed" start-time="2021-03-09 05:26:42Z" end-time="2021-03-09 05:26:42Z" duration="0.000130" asserts="12" />
              <test-case id="1103" name="CompoundBody_BoundingBox_IsCorrect(1,1,1,7)" fullname="Inheritance.Geometry.Virtual.VirtualTask_Should.CompoundBody_BoundingBox_IsCorrect(1,1,1,7)" methodname="CompoundBody_BoundingBox_IsCorrect" classname="Inheritance.Geometry.Virtual.VirtualTask_Should" runstate="Runnable" seed="106686924" result="Passed" start-time="2021-03-09 05:26:42Z" end-time="2021-03-09 05:26:42Z" duration="0.000213" asserts="12" />
              <test-case id="1104" name="CompoundBody_BoundingBox_IsCorrect(2,3,6,5)" fullname="Inheritance.Geometry.Virtual.VirtualTask_Should.CompoundBody_BoundingBox_IsCorrect(2,3,6,5)" methodname="CompoundBody_BoundingBox_IsCorrect" classname="Inheritance.Geometry.Virtual.VirtualTask_Should" runstate="Runnable" seed="1476262656" result="Passed" start-time="2021-03-09 05:26:42Z" end-time="2021-03-09 05:26:42Z" duration="0.000141" asserts="12" />
              <test-case id="1105" name="CompoundBody_BoundingBox_IsCorrect(-2,-3,6,3)" fullname="Inheritance.Geometry.Virtual.VirtualTask_Should.CompoundBody_BoundingBox_IsCorrect(-2,-3,6,3)" methodname="CompoundBody_BoundingBox_IsCorrect" classname="Inheritance.Geometry.Virtual.VirtualTask_Should" runstate="Runnable" seed="709432620" result="Passed" start-time="2021-03-09 05:26:42Z" end-time="2021-03-09 05:26:42Z" duration="0.000138" asserts="12" />
              <test-case id="1106" name="CompoundBody_BoundingBox_IsCorrect(-12,-23,-46,13)" fullname="Inheritance.Geometry.Virtual.VirtualTask_Should.CompoundBody_BoundingBox_IsCorrect(-12,-23,-46,13)" methodname="CompoundBody_BoundingBox_IsCorrect" classname="Inheritance.Geometry.Virtual.VirtualTask_Should" runstate="Runnable" seed="1427491116" result="Passed" start-time="2021-03-09 05:26:42Z" end-time="2021-03-09 05:26:42Z" duration="0.000171" asserts="12" />
              <test-case id="1107" name="CompoundBody_BoundingBox_IsCorrect(12,-23,6,14)" fullname="Inheritance.Geometry.Virtual.VirtualTask_Should.CompoundBody_BoundingBox_IsCorrect(12,-23,6,14)" methodname="CompoundBody_BoundingBox_IsCorrect" classname="Inheritance.Geometry.Virtual.VirtualTask_Should" runstate="Runnable" seed="419240676" result="Passed" start-time="2021-03-09 05:26:42Z" end-time="2021-03-09 05:26:42Z" duration="0.000137" asserts="12" />
              <test-case id="1108" name="CompoundBody_BoundingBox_IsCorrect(8,5,-16,12)" fullname="Inheritance.Geometry.Virtual.VirtualTask_Should.CompoundBody_BoundingBox_IsCorrect(8,5,-16,12)" methodname="CompoundBody_BoundingBox_IsCorrect" classname="Inheritance.Geometry.Virtual.VirtualTask_Should" runstate="Runnable" seed="2124232664" result="Passed" start-time="2021-03-09 05:26:42Z" end-time="2021-03-09 05:26:42Z" duration="0.000190" asserts="12" />
            </test-suite>
            <test-suite type="ParameterizedMethod" id="1094" name="CompoundBody_ContainsPoint_IsCorrect" fullname="Inheritance.Geometry.Virtual.VirtualTask_Should.CompoundBody_ContainsPoint_IsCorrect" classname="Inheritance.Geometry.Virtual.VirtualTask_Should" runstate="Runnable" testcasecount="9" result="Passed" start-time="2021-03-09 05:26:42Z" end-time="2021-03-09 05:26:42Z" duration="0.047211" total="9" passed="9" failed="0" warnings="0" inconclusive="0" skipped="0" asserts="432">
              <test-case id="1085" name="CompoundBody_ContainsPoint_IsCorrect(0,0,0,1)" fullname="Inheritance.Geometry.Virtual.VirtualTask_Should.CompoundBody_ContainsPoint_IsCorrect(0,0,0,1)" methodname="CompoundBody_ContainsPoint_IsCorrect" classname="Inheritance.Geometry.Virtual.VirtualTask_Should" runstate="Runnable" seed="1293780226" result="Passed" start-time="2021-03-09 05:26:42Z" end-time="2021-03-09 05:26:42Z" duration="0.003916" asserts="48" />
              <test-case id="1086" name="CompoundBody_ContainsPoint_IsCorrect(0,0,0,6)" fullname="Inheritance.Geometry.Virtual.VirtualTask_Should.CompoundBody_ContainsPoint_IsCorrect(0,0,0,6)" methodname="CompoundBody_ContainsPoint_IsCorrect" classname="Inheritance.Geometry.Virtual.VirtualTask_Should" runstate="Runnable" seed="1593137176" result="Passed" start-time="2021-03-09 05:26:42Z" end-time="2021-03-09 05:26:42Z" duration="0.000265" asserts="48" />
              <test-case id="1087" name="CompoundBody_ContainsPoint_IsCorrect(0,0,0,7)" fullname="Inheritance.Geometry.Virtual.VirtualTask_Should.CompoundBody_ContainsPoint_IsCorrect(0,0,0,7)" methodname="CompoundBody_ContainsPoint_IsCorrect" classname="Inheritance.Geometry.Virtual.VirtualTask_Should" runstate="Runnable" seed="343179232" result="Passed" start-time="2021-03-09 05:26:42Z" end-time="2021-03-09 05:26:42Z" duration="0.000257" asserts="48" />
              <test-case id="1088" name="CompoundBody_ContainsPoint_IsCorrect(1,1,1,7)" fullname="Inheritance.Geometry.Virtual.VirtualTask_Should.CompoundBody_ContainsPoint_IsCorrect(1,1,1,7)" methodname="CompoundBody_ContainsPoint_IsCorrect" classname="Inheritance.Geometry.Virtual.VirtualTask_Should" runstate="Runnable" seed="1644447133" result="Passed" start-time="2021-03-09 05:26:42Z" end-time="2021-03-09 05:26:42Z" duration="0.000285" asserts="48" />
              <test-case id="1089" name="CompoundBody_ContainsPoint_IsCorrect(2,3,6,5)" fullname="Inheritance.Geometry.Virtual.VirtualTask_Should.CompoundBody_ContainsPoint_IsCorrect(2,3,6,5)" methodname="CompoundBody_ContainsPoint_IsCorrect" classname="Inheritance.Geometry.Virtual.VirtualTask_Should" runstate="Runnable" seed="335223771" result="Passed" start-time="2021-03-09 05:26:42Z" end-time="2021-03-09 05:26:42Z" duration="0.000244" asserts="48" />
              <test-case id="1090" name="CompoundBody_ContainsPoint_IsCorrect(-2,-3,6,3)" fullname="Inheritance.Geometry.Virtual.VirtualTask_Should.CompoundBody_ContainsPoint_IsCorrect(-2,-3,6,3)" methodname="CompoundBody_ContainsPoint_IsCorrect" classname="Inheritance.Geometry.Virtual.VirtualTask_Should" runstate="Runnable" seed="939855181" result="Passed" start-time="2021-03-09 05:26:42Z" end-time="2021-03-09 05:26:42Z" duration="0.000266" asserts="48" />
              <test-case id="1091" name="CompoundBody_ContainsPoint_IsCorrect(-12,-23,-46,13)" fullname="Inheritance.Geometry.Virtual.VirtualTask_Should.CompoundBody_ContainsPoint_IsCorrect(-12,-23,-46,13)" methodname="CompoundBody_ContainsPoint_IsCorrect" classname="Inheritance.Geometry.Virtual.VirtualTask_Should" runstate="Runnable" seed="1729397246" result="Passed" start-time="2021-03-09 05:26:42Z" end-time="2021-03-09 05:26:42Z" duration="0.000248" asserts="48" />
              <test-case id="1092" name="CompoundBody_ContainsPoint_IsCorrect(12,-23,6,14)" fullname="Inheritance.Geometry.Virtual.VirtualTask_Should.CompoundBody_ContainsPoint_IsCorrect(12,-23,6,14)" methodname="CompoundBody_ContainsPoint_IsCorrect" classname="Inheritance.Geometry.Virtual.VirtualTask_Should" runstate="Runnable" seed="1951993371" result="Passed" start-time="2021-03-09 05:26:42Z" end-time="2021-03-09 05:26:42Z" duration="0.000166" asserts="48" />
              <test-case id="1093" name="CompoundBody_ContainsPoint_IsCorrect(8,5,-16,12)" fullname="Inheritance.Geometry.Virtual.VirtualTask_Should.CompoundBody_ContainsPoint_IsCorrect(8,5,-16,12)" methodname="CompoundBody_ContainsPoint_IsCorrect" classname="Inheritance.Geometry.Virtual.VirtualTask_Should" runstate="Runnable" seed="466007781" result="Passed" start-time="2021-03-09 05:26:42Z" end-time="2021-03-09 05:26:42Z" duration="0.000229" asserts="48" />
            </test-suite>
            <test-suite type="ParameterizedMethod" id="1099" name="CompoundBody_Of_TwoCuboids_BoundingBox_Correct" fullname="Inheritance.Geometry.Virtual.VirtualTask_Should.CompoundBody_Of_TwoCuboids_BoundingBox_Correct" classname="Inheritance.Geometry.Virtual.VirtualTask_Should" runstate="Runnable" testcasecount="3" result="Passed" start-time="2021-03-09 05:26:42Z" end-time="2021-03-09 05:26:42Z" duration="0.013131" total="3" passed="3" failed="0" warnings="0" inconclusive="0" skipped="0" asserts="9">
              <test-case id="1096" name="CompoundBody_Of_TwoCuboids_BoundingBox_Correct(1,2,3,2,1,3,5,5,4)" fullname="Inheritance.Geometry.Virtual.VirtualTask_Should.CompoundBody_Of_TwoCuboids_BoundingBox_Correct(1,2,3,2,1,3,5,5,4)" methodname="CompoundBody_Of_TwoCuboids_BoundingBox_Correct" classname="Inheritance.Geometry.Virtual.VirtualTask_Should" runstate="Runnable" seed="760389432" result="Passed" start-time="2021-03-09 05:26:42Z" end-time="2021-03-09 05:26:42Z" duration="0.001468" asserts="3" />
              <test-case id="1097" name="CompoundBody_Of_TwoCuboids_BoundingBox_Correct(1,1,1,2,2,2,5,5,5)" fullname="Inheritance.Geometry.Virtual.VirtualTask_Should.CompoundBody_Of_TwoCuboids_BoundingBox_Correct(1,1,1,2,2,2,5,5,5)" methodname="CompoundBody_Of_TwoCuboids_BoundingBox_Correct" classname="Inheritance.Geometry.Virtual.VirtualTask_Should" runstate="Runnable" seed="478660982" result="Passed" start-time="2021-03-09 05:26:42Z" end-time="2021-03-09 05:26:42Z" duration="0.000175" asserts="3" />
              <test-case id="1098" name="CompoundBody_Of_TwoCuboids_BoundingBox_Correct(2,1,1,1,2,2,5,5,5)" fullname="Inheritance.Geometry.Virtual.VirtualTask_Should.CompoundBody_Of_TwoCuboids_BoundingBox_Correct(2,1,1,1,2,2,5,5,5)" methodname="CompoundBody_Of_TwoCuboids_BoundingBox_Correct" classname="Inheritance.Geometry.Virtual.VirtualTask_Should" runstate="Runnable" seed="236508728" result="Passed" start-time="2021-03-09 05:26:42Z" end-time="2021-03-09 05:26:42Z" duration="0.000094" asserts="3" />
            </test-suite>
            <test-case id="1095" name="CompoundBody_WithBall_ContainsPoint_IsCorrect" fullname="Inheritance.Geometry.Virtual.VirtualTask_Should.CompoundBody_WithBall_ContainsPoint_IsCorrect" methodname="CompoundBody_WithBall_ContainsPoint_IsCorrect" classname="Inheritance.Geometry.Virtual.VirtualTask_Should" runstate="Runnable" seed="1413789423" result="Passed" start-time="2021-03-09 05:26:42Z" end-time="2021-03-09 05:26:42Z" duration="0.039879" asserts="8000" />
            <test-suite type="ParameterizedMethod" id="1084" name="Cylinder_BoundingBox_IsCorrect" fullname="Inheritance.Geometry.Virtual.VirtualTask_Should.Cylinder_BoundingBox_IsCorrect" classname="Inheritance.Geometry.Virtual.VirtualTask_Should" runstate="Runnable" testcasecount="13" result="Passed" start-time="2021-03-09 05:26:42Z" end-time="2021-03-09 05:26:42Z" duration="0.053044" total="13" passed="13" failed="0" warnings="0" inconclusive="0" skipped="0" asserts="52">
              <test-case id="1071" name="Cylinder_BoundingBox_IsCorrect(0,0,0,1,2)" fullname="Inheritance.Geometry.Virtual.VirtualTask_Should.Cylinder_BoundingBox_IsCorrect(0,0,0,1,2)" methodname="Cylinder_BoundingBox_IsCorrect" classname="Inheritance.Geometry.Virtual.VirtualTask_Should" runstate="Runnable" seed="1778844381" result="Passed" start-time="2021-03-09 05:26:42Z" end-time="2021-03-09 05:26:42Z" duration="0.000427" asserts="4" />
              <test-case id="1072" name="Cylinder_BoundingBox_IsCorrect(6,2,4,5,4)" fullname="Inheritance.Geometry.Virtual.VirtualTask_Should.Cylinder_BoundingBox_IsCorrect(6,2,4,5,4)" methodname="Cylinder_BoundingBox_IsCorrect" classname="Inheritance.Geometry.Virtual.VirtualTask_Should" runstate="Runnable" seed="769300779" result="Passed" start-time="2021-03-09 05:26:42Z" end-time="2021-03-09 05:26:42Z" duration="0.000113" asserts="4" />
              <test-case id="1073" name="Cylinder_BoundingBox_IsCorrect(-6,2,4,5,5)" fullname="Inheritance.Geometry.Virtual.VirtualTask_Should.Cylinder_BoundingBox_IsCorrect(-6,2,4,5,5)" methodname="Cylinder_BoundingBox_IsCorrect" classname="Inheritance.Geometry.Virtual.VirtualTask_Should" runstate="Runnable" seed="1541194745" result="Passed" start-time="2021-03-09 05:26:42Z" end-time="2021-03-09 05:26:42Z" duration="0.000141" asserts="4" />
              <test-case id="1074" name="Cylinder_BoundingBox_IsCorrect(-6,-2,4)" fullname="Inheritance.Geometry.Virtual.VirtualTask_Should.Cylinder_BoundingBox_IsCorrect(-6,-2,4)" methodname="Cylinder_BoundingBox_IsCorrect" classname="Inheritance.Geometry.Virtual.VirtualTask_Should" runstate="Runnable" seed="451667008" result="Passed" start-time="2021-03-09 05:26:42Z" end-time="2021-03-09 05:26:42Z" duration="0.000140" asserts="4" />
              <test-case id="1075" name="Cylinder_BoundingBox_IsCorrect(-6,-2,-4)" fullname="Inheritance.Geometry.Virtual.VirtualTask_Should.Cylinder_BoundingBox_IsCorrect(-6,-2,-4)" methodname="Cylinder_BoundingBox_IsCorrect" classname="Inheritance.Geometry.Virtual.VirtualTask_Should" runstate="Runnable" seed="1597668652" result="Passed" start-time="2021-03-09 05:26:42Z" end-time="2021-03-09 05:26:42Z" duration="0.000180" asserts="4" />
              <test-case id="1076" name="Cylinder_BoundingBox_IsCorrect(6,2,-4)" fullname="Inheritance.Geometry.Virtual.VirtualTask_Should.Cylinder_BoundingBox_IsCorrect(6,2,-4)" methodname="Cylinder_BoundingBox_IsCorrect" classname="Inheritance.Geometry.Virtual.VirtualTask_Should" runstate="Runnable" seed="815269296" result="Passed" start-time="2021-03-09 05:26:42Z" end-time="2021-03-09 05:26:42Z" duration="0.000161" asserts="4" />
              <test-case id="1077" name="Cylinder_BoundingBox_IsCorrect(6,-2,-4)" fullname="Inheritance.Geometry.Virtual.VirtualTask_Should.Cylinder_BoundingBox_IsCorrect(6,-2,-4)" methodname="Cylinder_BoundingBox_IsCorrect" classname="Inheritance.Geometry.Virtual.VirtualTask_Should" runstate="Runnable" seed="378796653" result="Passed" start-time="2021-03-09 05:26:42Z" end-time="2021-03-09 05:26:42Z" duration="0.000188" asserts="4" />
              <test-case id="1078" name="Cylinder_BoundingBox_IsCorrect(6,2,4)" fullname="Inheritance.Geometry.Virtual.VirtualTask_Should.Cylinder_BoundingBox_IsCorrect(6,2,4)" methodname="Cylinder_BoundingBox_IsCorrect" classname="Inheritance.Geometry.Virtual.VirtualTask_Should" runstate="Runnable" seed="286322563" result="Passed" start-time="2021-03-09 05:26:42Z" end-time="2021-03-09 05:26:42Z" duration="0.000182" asserts="4" />
              <test-case id="1079" name="Cylinder_BoundingBox_IsCorrect(-6,2,4)" fullname="Inheritance.Geometry.Virtual.VirtualTask_Should.Cylinder_BoundingBox_IsCorrect(-6,2,4)" methodname="Cylinder_BoundingBox_IsCorrect" classname="Inheritance.Geometry.Virtual.VirtualTask_Should" runstate="Runnable" seed="126156202" result="Passed" start-time="2021-03-09 05:26:42Z" end-time="2021-03-09 05:26:42Z" duration="0.000133" asserts="4" />
              <test-case id="1080" name="Cylinder_BoundingBox_IsCorrect(-6,-2,4)" fullname="Inheritance.Geometry.Virtual.VirtualTask_Should.Cylinder_BoundingBox_IsCorrect(-6,-2,4)" methodname="Cylinder_BoundingBox_IsCorrect" classname="Inheritance.Geometry.Virtual.VirtualTask_Should" runstate="Runnable" seed="717168336" result="Passed" start-time="2021-03-09 05:26:42Z" end-time="2021-03-09 05:26:42Z" duration="0.000179" asserts="4" />
              <test-case id="1081" name="Cylinder_BoundingBox_IsCorrect(-6,-2,-4)" fullname="Inheritance.Geometry.Virtual.VirtualTask_Should.Cylinder_BoundingBox_IsCorrect(-6,-2,-4)" methodname="Cylinder_BoundingBox_IsCorrect" classname="Inheritance.Geometry.Virtual.VirtualTask_Should" runstate="Runnable" seed="238114426" result="Passed" start-time="2021-03-09 05:26:42Z" end-time="2021-03-09 05:26:42Z" duration="0.000137" asserts="4" />
              <test-case id="1082" name="Cylinder_BoundingBox_IsCorrect(6,2,-4)" fullname="Inheritance.Geometry.Virtual.VirtualTask_Should.Cylinder_BoundingBox_IsCorrect(6,2,-4)" methodname="Cylinder_BoundingBox_IsCorrect" classname="Inheritance.Geometry.Virtual.VirtualTask_Should" runstate="Runnable" seed="1237440370" result="Passed" start-time="2021-03-09 05:26:42Z" end-time="2021-03-09 05:26:42Z" duration="0.000105" asserts="4" />
              <test-case id="1083" name="Cylinder_BoundingBox_IsCorrect(6,-2,-4)" fullname="Inheritance.Geometry.Virtual.VirtualTask_Should.Cylinder_BoundingBox_IsCorrect(6,-2,-4)" methodname="Cylinder_BoundingBox_IsCorrect" classname="Inheritance.Geometry.Virtual.VirtualTask_Should" runstate="Runnable" seed="775386779" result="Passed" start-time="2021-03-09 05:26:42Z" end-time="2021-03-09 05:26:42Z" duration="0.000114" asserts="4" />
            </test-suite>
            <test-suite type="ParameterizedMethod" id="1070" name="Cylinder_ContainsPoint_IsCorrect" fullname="Inheritance.Geometry.Virtual.VirtualTask_Should.Cylinder_ContainsPoint_IsCorrect" classname="Inheritance.Geometry.Virtual.VirtualTask_Should" runstate="Runnable" testcasecount="13" result="Passed" start-time="2021-03-09 05:26:42Z" end-time="2021-03-09 05:26:42Z" duration="0.053087" total="13" passed="13" failed="0" warnings="0" inconclusive="0" skipped="0" asserts="182">
              <test-case id="1057" name="Cylinder_ContainsPoint_IsCorrect(0,0,0,2,8)" fullname="Inheritance.Geometry.Virtual.VirtualTask_Should.Cylinder_ContainsPoint_IsCorrect(0,0,0,2,8)" methodname="Cylinder_ContainsPoint_IsCorrect" classname="Inheritance.Geometry.Virtual.VirtualTask_Should" runstate="Runnable" seed="1934531071" result="Passed" start-time="2021-03-09 05:26:42Z" end-time="2021-03-09 05:26:42Z" duration="0.000432" asserts="14" />
              <test-case id="1058" name="Cylinder_ContainsPoint_IsCorrect(6,2,4,6,4)" fullname="Inheritance.Geometry.Virtual.VirtualTask_Should.Cylinder_ContainsPoint_IsCorrect(6,2,4,6,4)" methodname="Cylinder_ContainsPoint_IsCorrect" classname="Inheritance.Geometry.Virtual.VirtualTask_Should" runstate="Runnable" seed="415993860" result="Passed" start-time="2021-03-09 05:26:42Z" end-time="2021-03-09 05:26:42Z" duration="0.000219" asserts="14" />
              <test-case id="1059" name="Cylinder_ContainsPoint_IsCorrect(-6,2,4,6,4)" fullname="Inheritance.Geometry.Virtual.VirtualTask_Should.Cylinder_ContainsPoint_IsCorrect(-6,2,4,6,4)" methodname="Cylinder_ContainsPoint_IsCorrect" classname="Inheritance.Geometry.Virtual.VirtualTask_Should" runstate="Runnable" seed="2014296161" result="Passed" start-time="2021-03-09 05:26:42Z" end-time="2021-03-09 05:26:42Z" duration="0.000236" asserts="14" />
              <test-case id="1060" name="Cylinder_ContainsPoint_IsCorrect(-6,-2,4)" fullname="Inheritance.Geometry.Virtual.VirtualTask_Should.Cylinder_ContainsPoint_IsCorrect(-6,-2,4)" methodname="Cylinder_ContainsPoint_IsCorrect" classname="Inheritance.Geometry.Virtual.VirtualTask_Should" runstate="Runnable" seed="2027696953" result="Passed" start-time="2021-03-09 05:26:42Z" end-time="2021-03-09 05:26:42Z" duration="0.000181" asserts="14" />
              <test-case id="1061" name="Cylinder_ContainsPoint_IsCorrect(-6,-2,-4)" fullname="Inheritance.Geometry.Virtual.VirtualTask_Should.Cylinder_ContainsPoint_IsCorrect(-6,-2,-4)" methodname="Cylinder_ContainsPoint_IsCorrect" classname="Inheritance.Geometry.Virtual.VirtualTask_Should" runstate="Runnable" seed="1403051924" result="Passed" start-time="2021-03-09 05:26:42Z" end-time="2021-03-09 05:26:42Z" duration="0.000135" asserts="14" />
              <test-case id="1062" name="Cylinder_ContainsPoint_IsCorrect(6,2,-4)" fullname="Inheritance.Geometry.Virtual.VirtualTask_Should.Cylinder_ContainsPoint_IsCorrect(6,2,-4)" methodname="Cylinder_ContainsPoint_IsCorrect" classname="Inheritance.Geometry.Virtual.VirtualTask_Should" runstate="Runnable" seed="1629492059" result="Passed" start-time="2021-03-09 05:26:42Z" end-time="2021-03-09 05:26:42Z" duration="0.000351" asserts="14" />
              <test-case id="1063" name="Cylinder_ContainsPoint_IsCorrect(6,-2,-4)" fullname="Inheritance.Geometry.Virtual.VirtualTask_Should.Cylinder_ContainsPoint_IsCorrect(6,-2,-4)" methodname="Cylinder_ContainsPoint_IsCorrect" classname="Inheritance.Geometry.Virtual.VirtualTask_Should" runstate="Runnable" seed="864248162" result="Passed" start-time="2021-03-09 05:26:42Z" end-time="2021-03-09 05:26:42Z" duration="0.000190" asserts="14" />
              <test-case id="1064" name="Cylinder_ContainsPoint_IsCorrect(6,2,4)" fullname="Inheritance.Geometry.Virtual.VirtualTask_Should.Cylinder_ContainsPoint_IsCorrect(6,2,4)" methodname="Cylinder_ContainsPoint_IsCorrect" classname="Inheritance.Geometry.Virtual.VirtualTask_Should" runstate="Runnable" seed="860494762" result="Passed" start-time="2021-03-09 05:26:42Z" end-time="2021-03-09 05:26:42Z" duration="0.000203" asserts="14" />
              <test-case id="1065" name="Cylinder_ContainsPoint_IsCorrect(-6,2,4)" fullname="Inheritance.Geometry.Virtual.VirtualTask_Should.Cylinder_ContainsPoint_IsCorrect(-6,2,4)" methodname="Cylinder_ContainsPoint_IsCorrect" classname="Inheritance.Geometry.Virtual.VirtualTask_Should" runstate="Runnable" seed="1165892258" result="Passed" start-time="2021-03-09 05:26:42Z" end-time="2021-03-09 05:26:42Z" duration="0.000192" asserts="14" />
              <test-case id="1066" name="Cylinder_ContainsPoint_IsCorrect(-6,-2,4)" fullname="Inheritance.Geometry.Virtual.VirtualTask_Should.Cylinder_ContainsPoint_IsCorrect(-6,-2,4)" methodname="Cylinder_ContainsPoint_IsCorrect" classname="Inheritance.Geometry.Virtual.VirtualTask_Should" runstate="Runnable" seed="2146040049" result="Passed" start-time="2021-03-09 05:26:42Z" end-time="2021-03-09 05:26:42Z" duration="0.000197" asserts="14" />
              <test-case id="1067" name="Cylinder_ContainsPoint_IsCorrect(-6,-2,-4)" fullname="Inheritance.Geometry.Virtual.VirtualTask_Should.Cylinder_ContainsPoint_IsCorrect(-6,-2,-4)" methodname="Cylinder_ContainsPoint_IsCorrect" classname="Inheritance.Geometry.Virtual.VirtualTask_Should" runstate="Runnable" seed="534007646" result="Passed" start-time="2021-03-09 05:26:42Z" end-time="2021-03-09 05:26:42Z" duration="0.000249" asserts="14" />
              <test-case id="1068" name="Cylinder_ContainsPoint_IsCorrect(6,2,-4)" fullname="Inheritance.Geometry.Virtual.VirtualTask_Should.Cylinder_ContainsPoint_IsCorrect(6,2,-4)" methodname="Cylinder_ContainsPoint_IsCorrect" classname="Inheritance.Geometry.Virtual.VirtualTask_Should" runstate="Runnable" seed="158044934" result="Passed" start-time="2021-03-09 05:26:42Z" end-time="2021-03-09 05:26:42Z" duration="0.000185" asserts="14" />
              <test-case id="1069" name="Cylinder_ContainsPoint_IsCorrect(6,-2,-4)" fullname="Inheritance.Geometry.Virtual.VirtualTask_Should.Cylinder_ContainsPoint_IsCorrect(6,-2,-4)" methodname="Cylinder_ContainsPoint_IsCorrect" classname="Inheritance.Geometry.Virtual.VirtualTask_Should" runstate="Runnable" seed="750678602" result="Passed" start-time="2021-03-09 05:26:42Z" end-time="2021-03-09 05:26:42Z" duration="0.000156" asserts="14" />
            </test-suite>
            <test-suite type="ParameterizedMethod" id="1056" name="RectangularCuboid_BoundingBox_IsCorrect" fullname="Inheritance.Geometry.Virtual.VirtualTask_Should.RectangularCuboid_BoundingBox_IsCorrect" classname="Inheritance.Geometry.Virtual.VirtualTask_Should" runstate="Runnable" testcasecount="13" result="Passed" start-time="2021-03-09 05:26:42Z" end-time="2021-03-09 05:26:42Z" duration="0.054001" total="13" passed="13" failed="0" warnings="0" inconclusive="0" skipped="0" asserts="52">
              <test-case id="1043" name="RectangularCuboid_BoundingBox_IsCorrect(0,0,0,1,2,3)" fullname="Inheritance.Geometry.Virtual.VirtualTask_Should.RectangularCuboid_BoundingBox_IsCorrect(0,0,0,1,2,3)" methodname="RectangularCuboid_BoundingBox_IsCorrect" classname="Inheritance.Geometry.Virtual.VirtualTask_Should" runstate="Runnable" seed="1791414361" result="Passed" start-time="2021-03-09 05:26:42Z" end-time="2021-03-09 05:26:42Z" duration="0.000440" asserts="4" />
              <test-case id="1044" name="RectangularCuboid_BoundingBox_IsCorrect(6,2,4,5,4,7)" fullname="Inheritance.Geometry.Virtual.VirtualTask_Should.RectangularCuboid_BoundingBox_IsCorrect(6,2,4,5,4,7)" methodname="RectangularCuboid_BoundingBox_IsCorrect" classname="Inheritance.Geometry.Virtual.VirtualTask_Should" runstate="Runnable" seed="366686144" result="Passed" start-time="2021-03-09 05:26:42Z" end-time="2021-03-09 05:26:42Z" duration="0.000143" asserts="4" />
              <test-case id="1045" name="RectangularCuboid_BoundingBox_IsCorrect(-6,2,4,5,5,5)" fullname="Inheritance.Geometry.Virtual.VirtualTask_Should.RectangularCuboid_BoundingBox_IsCorrect(-6,2,4,5,5,5)" methodname="RectangularCuboid_BoundingBox_IsCorrect" classname="Inheritance.Geometry.Virtual.VirtualTask_Should" runstate="Runnable" seed="1065105485" result="Passed" start-time="2021-03-09 05:26:42Z" end-time="2021-03-09 05:26:42Z" duration="0.000112" asserts="4" />
              <test-case id="1046" name="RectangularCuboid_BoundingBox_IsCorrect(-6,-2,4,0)" fullname="Inheritance.Geometry.Virtual.VirtualTask_Should.RectangularCuboid_BoundingBox_IsCorrect(-6,-2,4,0)" methodname="RectangularCuboid_BoundingBox_IsCorrect" classname="Inheritance.Geometry.Virtual.VirtualTask_Should" runstate="Runnable" seed="1358404475" result="Passed" start-time="2021-03-09 05:26:42Z" end-time="2021-03-09 05:26:42Z" duration="0.000149" asserts="4" />
              <test-case id="1047" name="RectangularCuboid_BoundingBox_IsCorrect(-6,-2,-4,0)" fullname="Inheritance.Geometry.Virtual.VirtualTask_Should.RectangularCuboid_BoundingBox_IsCorrect(-6,-2,-4,0)" methodname="RectangularCuboid_BoundingBox_IsCorrect" classname="Inheritance.Geometry.Virtual.VirtualTask_Should" runstate="Runnable" seed="2128841972" result="Passed" start-time="2021-03-09 05:26:42Z" end-time="2021-03-09 05:26:42Z" duration="0.000286" asserts="4" />
              <test-case id="1048" name="RectangularCuboid_BoundingBox_IsCorrect(6,2,-4,0)" fullname="Inheritance.Geometry.Virtual.VirtualTask_Should.RectangularCuboid_BoundingBox_IsCorrect(6,2,-4,0)" methodname="RectangularCuboid_BoundingBox_IsCorrect" classname="Inheritance.Geometry.Virtual.VirtualTask_Should" runstate="Runnable" seed="1201678748" result="Passed" start-time="2021-03-09 05:26:42Z" end-time="2021-03-09 05:26:42Z" duration="0.000112" asserts="4" />
              <test-case id="1049" name="RectangularCuboid_BoundingBox_IsCorrect(6,-2,-4,0)" fullname="Inheritance.Geometry.Virtual.VirtualTask_Should.RectangularCuboid_BoundingBox_IsCorrect(6,-2,-4,0)" methodname="RectangularCuboid_BoundingBox_IsCorrect" classname="Inheritance.Geometry.Virtual.VirtualTask_Should" runstate="Runnable" seed="419930420" result="Passed" start-time="2021-03-09 05:26:42Z" end-time="2021-03-09 05:26:42Z" duration="0.000146" asserts="4" />
              <test-case id="1050" name="RectangularCuboid_BoundingBox_IsCorrect(6,2,4,2)" fullname="Inheritance.Geometry.Virtual.VirtualTask_Should.RectangularCuboid_BoundingBox_IsCorrect(6,2,4,2)" methodname="RectangularCuboid_BoundingBox_IsCorrect" classname="Inheritance.Geometry.Virtual.VirtualTask_Should" runstate="Runnable" seed="1655900309" result="Passed" start-time="2021-03-09 05:26:42Z" end-time="2021-03-09 05:26:42Z" duration="0.000191" asserts="4" />
              <test-case id="1051" name="RectangularCuboid_BoundingBox_IsCorrect(-6,2,4,4)" fullname="Inheritance.Geometry.Virtual.VirtualTask_Should.RectangularCuboid_BoundingBox_IsCorrect(-6,2,4,4)" methodname="RectangularCuboid_BoundingBox_IsCorrect" classname="Inheritance.Geometry.Virtual.VirtualTask_Should" runstate="Runnable" seed="1463875804" result="Passed" start-time="2021-03-09 05:26:42Z" end-time="2021-03-09 05:26:42Z" duration="0.000105" asserts="4" />
              <test-case id="1052" name="RectangularCuboid_BoundingBox_IsCorrect(-6,-2,4,9)" fullname="Inheritance.Geometry.Virtual.VirtualTask_Should.RectangularCuboid_BoundingBox_IsCorrect(-6,-2,4,9)" methodname="RectangularCuboid_BoundingBox_IsCorrect" classname="Inheritance.Geometry.Virtual.VirtualTask_Should" runstate="Runnable" seed="1457861855" result="Passed" start-time="2021-03-09 05:26:42Z" end-time="2021-03-09 05:26:42Z" duration="0.000127" asserts="4" />
              <test-case id="1053" name="RectangularCuboid_BoundingBox_IsCorrect(-6,-2,-4,8)" fullname="Inheritance.Geometry.Virtual.VirtualTask_Should.RectangularCuboid_BoundingBox_IsCorrect(-6,-2,-4,8)" methodname="RectangularCuboid_BoundingBox_IsCorrect" classname="Inheritance.Geometry.Virtual.VirtualTask_Should" runstate="Runnable" seed="1748987729" result="Passed" start-time="2021-03-09 05:26:42Z" end-time="2021-03-09 05:26:42Z" duration="0.000320" asserts="4" />
              <test-case id="1054" name="RectangularCuboid_BoundingBox_IsCorrect(6,2,-4,7)" fullname="Inheritance.Geometry.Virtual.VirtualTask_Should.RectangularCuboid_BoundingBox_IsCorrect(6,2,-4,7)" methodname="RectangularCuboid_BoundingBox_IsCorrect" classname="Inheritance.Geometry.Virtual.VirtualTask_Should" runstate="Runnable" seed="1465564222" result="Passed" start-time="2021-03-09 05:26:42Z" end-time="2021-03-09 05:26:42Z" duration="0.000161" asserts="4" />
              <test-case id="1055" name="RectangularCuboid_BoundingBox_IsCorrect(6,-2,-4,1)" fullname="Inheritance.Geometry.Virtual.VirtualTask_Should.RectangularCuboid_BoundingBox_IsCorrect(6,-2,-4,1)" methodname="RectangularCuboid_BoundingBox_IsCorrect" classname="Inheritance.Geometry.Virtual.VirtualTask_Should" runstate="Runnable" seed="1822398073" result="Passed" start-time="2021-03-09 05:26:42Z" end-time="2021-03-09 05:26:42Z" duration="0.000097" asserts="4" />
            </test-suite>
            <test-suite type="ParameterizedMethod" id="1042" name="RectangularCuboid_ContainsPoint_IsCorrect" fullname="Inheritance.Geometry.Virtual.VirtualTask_Should.RectangularCuboid_ContainsPoint_IsCorrect" classname="Inheritance.Geometry.Virtual.VirtualTask_Should" runstate="Runnable" testcasecount="13" result="Passed" start-time="2021-03-09 05:26:42Z" end-time="2021-03-09 05:26:42Z" duration="0.054074" total="13" passed="13" failed="0" warnings="0" inconclusive="0" skipped="0" asserts="182">
              <test-case id="1029" name="RectangularCuboid_ContainsPoint_IsCorrect(0,0,0,8,8,8)" fullname="Inheritance.Geometry.Virtual.VirtualTask_Should.RectangularCuboid_ContainsPoint_IsCorrect(0,0,0,8,8,8)" methodname="RectangularCuboid_ContainsPoint_IsCorrect" classname="Inheritance.Geometry.Virtual.VirtualTask_Should" runstate="Runnable" seed="611138688" result="Passed" start-time="2021-03-09 05:26:42Z" end-time="2021-03-09 05:26:42Z" duration="0.000407" asserts="14" />
              <test-case id="1030" name="RectangularCuboid_ContainsPoint_IsCorrect(6,2,4)" fullname="Inheritance.Geometry.Virtual.VirtualTask_Should.RectangularCuboid_ContainsPoint_IsCorrect(6,2,4)" methodname="RectangularCuboid_ContainsPoint_IsCorrect" classname="Inheritance.Geometry.Virtual.VirtualTask_Should" runstate="Runnable" seed="1198060484" result="Passed" start-time="2021-03-09 05:26:42Z" end-time="2021-03-09 05:26:42Z" duration="0.000180" asserts="14" />
              <test-case id="1031" name="RectangularCuboid_ContainsPoint_IsCorrect(-6,2,4)" fullname="Inheritance.Geometry.Virtual.VirtualTask_Should.RectangularCuboid_ContainsPoint_IsCorrect(-6,2,4)" methodname="RectangularCuboid_ContainsPoint_IsCorrect" classname="Inheritance.Geometry.Virtual.VirtualTask_Should" runstate="Runnable" seed="1491403485" result="Passed" start-time="2021-03-09 05:26:42Z" end-time="2021-03-09 05:26:42Z" duration="0.000151" asserts="14" />
              <test-case id="1032" name="RectangularCuboid_ContainsPoint_IsCorrect(-6,-2,4)" fullname="Inheritance.Geometry.Virtual.VirtualTask_Should.RectangularCuboid_ContainsPoint_IsCorrect(-6,-2,4)" methodname="RectangularCuboid_ContainsPoint_IsCorrect" classname="Inheritance.Geometry.Virtual.VirtualTask_Should" runstate="Runnable" seed="532571415" result="Passed" start-time="2021-03-09 05:26:42Z" end-time="2021-03-09 05:26:42Z" duration="0.000143" asserts="14" />
              <test-case id="1033" name="RectangularCuboid_ContainsPoint_IsCorrect(-6,-2,-4)" fullname="Inheritance.Geometry.Virtual.VirtualTask_Should.RectangularCuboid_ContainsPoint_IsCorrect(-6,-2,-4)" methodname="RectangularCuboid_ContainsPoint_IsCorrect" classname="Inheritance.Geometry.Virtual.VirtualTask_Should" runstate="Runnable" seed="1550415809" result="Passed" start-time="2021-03-09 05:26:42Z" end-time="2021-03-09 05:26:42Z" duration="0.000175" asserts="14" />
              <test-case id="1034" name="RectangularCuboid_ContainsPoint_IsCorrect(6,2,-4)" fullname="Inheritance.Geometry.Virtual.VirtualTask_Should.RectangularCuboid_ContainsPoint_IsCorrect(6,2,-4)" methodname="RectangularCuboid_ContainsPoint_IsCorrect" classname="Inheritance.Geometry.Virtual.VirtualTask_Should" runstate="Runnable" seed="598026298" result="Passed" start-time="2021-03-09 05:26:42Z" end-time="2021-03-09 05:26:42Z" duration="0.000192" asserts="14" />
              <test-case id="1035" name="RectangularCuboid_ContainsPoint_IsCorrect(6,-2,-4)" fullname="Inheritance.Geometry.Virtual.VirtualTask_Should.RectangularCuboid_ContainsPoint_IsCorrect(6,-2,-4)" methodname="RectangularCuboid_ContainsPoint_IsCorrect" classname="Inheritance.Geometry.Virtual.VirtualTask_Should" runstate="Runnable" seed="323693406" result="Passed" start-time="2021-03-09 05:26:42Z" end-time="2021-03-09 05:26:42Z" duration="0.000179" asserts="14" />
              <test-case id="1036" name="RectangularCuboid_ContainsPoint_IsCorrect(6,2,4,4,4,4)" fullname="Inheritance.Geometry.Virtual.VirtualTask_Should.RectangularCuboid_ContainsPoint_IsCorrect(6,2,4,4,4,4)" methodname="RectangularCuboid_ContainsPoint_IsCorrect" classname="Inheritance.Geometry.Virtual.VirtualTask_Should" runstate="Runnable" seed="2104332771" result="Passed" start-time="2021-03-09 05:26:42Z" end-time="2021-03-09 05:26:42Z" duration="0.000192" asserts="14" />
              <test-case id="1037" name="RectangularCuboid_ContainsPoint_IsCorrect(-6,2,4)" fullname="Inheritance.Geometry.Virtual.VirtualTask_Should.RectangularCuboid_ContainsPoint_IsCorrect(-6,2,4)" methodname="RectangularCuboid_ContainsPoint_IsCorrect" classname="Inheritance.Geometry.Virtual.VirtualTask_Should" runstate="Runnable" seed="808391685" result="Passed" start-time="2021-03-09 05:26:42Z" end-time="2021-03-09 05:26:42Z" duration="0.000157" asserts="14" />
              <test-case id="1038" name="RectangularCuboid_ContainsPoint_IsCorrect(-6,-2,4)" fullname="Inheritance.Geometry.Virtual.VirtualTask_Should.RectangularCuboid_ContainsPoint_IsCorrect(-6,-2,4)" methodname="RectangularCuboid_ContainsPoint_IsCorrect" classname="Inheritance.Geometry.Virtual.VirtualTask_Should" runstate="Runnable" seed="920708396" result="Passed" start-time="2021-03-09 05:26:42Z" end-time="2021-03-09 05:26:42Z" duration="0.000225" asserts="14" />
              <test-case id="1039" name="RectangularCuboid_ContainsPoint_IsCorrect(-6,-2,-4)" fullname="Inheritance.Geometry.Virtual.VirtualTask_Should.RectangularCuboid_ContainsPoint_IsCorrect(-6,-2,-4)" methodname="RectangularCuboid_ContainsPoint_IsCorrect" classname="Inheritance.Geometry.Virtual.VirtualTask_Should" runstate="Runnable" seed="102469059" result="Passed" start-time="2021-03-09 05:26:42Z" end-time="2021-03-09 05:26:42Z" duration="0.000187" asserts="14" />
              <test-case id="1040" name="RectangularCuboid_ContainsPoint_IsCorrect(6,2,-4)" fullname="Inheritance.Geometry.Virtual.VirtualTask_Should.RectangularCuboid_ContainsPoint_IsCorrect(6,2,-4)" methodname="RectangularCuboid_ContainsPoint_IsCorrect" classname="Inheritance.Geometry.Virtual.VirtualTask_Should" runstate="Runnable" seed="1257245801" result="Passed" start-time="2021-03-09 05:26:42Z" end-time="2021-03-09 05:26:42Z" duration="0.000173" asserts="14" />
              <test-case id="1041" name="RectangularCuboid_ContainsPoint_IsCorrect(6,-2,-4)" fullname="Inheritance.Geometry.Virtual.VirtualTask_Should.RectangularCuboid_ContainsPoint_IsCorrect(6,-2,-4)" methodname="RectangularCuboid_ContainsPoint_IsCorrect" classname="Inheritance.Geometry.Virtual.VirtualTask_Should" runstate="Runnable" seed="365973163" result="Passed" start-time="2021-03-09 05:26:42Z" end-time="2021-03-09 05:26:42Z" duration="0.000169" asserts="14" />
            </test-suite>
          </test-suite>
        </test-suite>
        <test-suite type="TestSuite" id="1176" name="Visitor" fullname="Inheritance.Geometry.Visitor" runstate="Runnable" testcasecount="55" result="Failed" site="Child" start-time="2021-03-09 05:26:41Z" end-time="2021-03-09 05:26:42Z" duration="0.868626" total="55" passed="0" failed="55" warnings="0" inconclusive="0" skipped="0" asserts="0">
          <failure>
            <message><![CDATA[One or more child tests had errors]]></message>
          </failure>
          <test-suite type="TestFixture" id="1110" name="BoundingBoxVisitor_Should" fullname="Inheritance.Geometry.Visitor.BoundingBoxVisitor_Should" classname="Inheritance.Geometry.Visitor.BoundingBoxVisitor_Should" runstate="Runnable" testcasecount="51" result="Failed" site="Child" start-time="2021-03-09 05:26:42Z" end-time="2021-03-09 05:26:42Z" duration="0.289188" total="51" passed="0" failed="51" warnings="0" inconclusive="0" skipped="0" asserts="0">
            <failure>
              <message><![CDATA[One or more child tests had errors]]></message>
            </failure>
            <test-suite type="ParameterizedMethod" id="1128" name="Ball_BoundingBoxVisitor_IsCorrect" fullname="Inheritance.Geometry.Visitor.BoundingBoxVisitor_Should.Ball_BoundingBoxVisitor_IsCorrect" classname="Inheritance.Geometry.Visitor.BoundingBoxVisitor_Should" runstate="Runnable" testcasecount="13" result="Failed" site="Child" start-time="2021-03-09 05:26:42Z" end-time="2021-03-09 05:26:42Z" duration="0.104082" total="13" passed="0" failed="13" warnings="0" inconclusive="0" skipped="0" asserts="0">
              <failure>
                <message><![CDATA[One or more child tests had errors]]></message>
              </failure>
              <test-case id="1115" name="Ball_BoundingBoxVisitor_IsCorrect(0,0,0,1)" fullname="Inheritance.Geometry.Visitor.BoundingBoxVisitor_Should.Ball_BoundingBoxVisitor_IsCorrect(0,0,0,1)" methodname="Ball_BoundingBoxVisitor_IsCorrect" classname="Inheritance.Geometry.Visitor.BoundingBoxVisitor_Should" runstate="Runnable" seed="1909009783" result="Failed" label="Error" start-time="2021-03-09 05:26:42Z" end-time="2021-03-09 05:26:42Z" duration="0.050338" asserts="0">
                <failure>
                  <message><![CDATA[Microsoft.CSharp.RuntimeBinder.RuntimeBinderException : "Inheritance.Geometry.Visitor.Ball" не содержит определения для "Accept"]]></message>
                  <stack-trace><![CDATA[   в CallSite.Target(Closure , CallSite , Object , Object )
   в System.Dynamic.UpdateDelegates.UpdateAndExecute2[T0,T1,TRet](CallSite site, T0 arg0, T1 arg1)
   в Inheritance.Geometry.Visitor.BodyExtensions.TryAcceptVisitor[TResult](Body body, Object visitor) в D:\Prog\programming2020\CS\Geometry\Visitor\BodyExtensions.cs:строка 9
   в Inheritance.Geometry.Visitor.BoundingBoxVisitor_Should.Ball_BoundingBoxVisitor_IsCorrect(Double x, Double y, Double z, Double radius) в D:\Prog\programming2020\CS\Geometry\Visitor\BoundingBoxVisitor_Should.cs:строка 42]]></stack-trace>
                </failure>
              </test-case>
              <test-case id="1116" name="Ball_BoundingBoxVisitor_IsCorrect(6,2,4,0)" fullname="Inheritance.Geometry.Visitor.BoundingBoxVisitor_Should.Ball_BoundingBoxVisitor_IsCorrect(6,2,4,0)" methodname="Ball_BoundingBoxVisitor_IsCorrect" classname="Inheritance.Geometry.Visitor.BoundingBoxVisitor_Should" runstate="Runnable" seed="1126310082" result="Failed" label="Error" start-time="2021-03-09 05:26:42Z" end-time="2021-03-09 05:26:42Z" duration="0.000559" asserts="0">
                <failure>
                  <message><![CDATA[Microsoft.CSharp.RuntimeBinder.RuntimeBinderException : "Inheritance.Geometry.Visitor.Ball" не содержит определения для "Accept"]]></message>
                  <stack-trace><![CDATA[   в CallSite.Target(Closure , CallSite , Object , Object )
   в Inheritance.Geometry.Visitor.BodyExtensions.TryAcceptVisitor[TResult](Body body, Object visitor) в D:\Prog\programming2020\CS\Geometry\Visitor\BodyExtensions.cs:строка 9
   в Inheritance.Geometry.Visitor.BoundingBoxVisitor_Should.Ball_BoundingBoxVisitor_IsCorrect(Double x, Double y, Double z, Double radius) в D:\Prog\programming2020\CS\Geometry\Visitor\BoundingBoxVisitor_Should.cs:строка 42]]></stack-trace>
                </failure>
              </test-case>
              <test-case id="1117" name="Ball_BoundingBoxVisitor_IsCorrect(-6,2,4,0)" fullname="Inheritance.Geometry.Visitor.BoundingBoxVisitor_Should.Ball_BoundingBoxVisitor_IsCorrect(-6,2,4,0)" methodname="Ball_BoundingBoxVisitor_IsCorrect" classname="Inheritance.Geometry.Visitor.BoundingBoxVisitor_Should" runstate="Runnable" seed="1132350628" result="Failed" label="Error" start-time="2021-03-09 05:26:42Z" end-time="2021-03-09 05:26:42Z" duration="0.000396" asserts="0">
                <failure>
                  <message><![CDATA[Microsoft.CSharp.RuntimeBinder.RuntimeBinderException : "Inheritance.Geometry.Visitor.Ball" не содержит определения для "Accept"]]></message>
                  <stack-trace><![CDATA[   в CallSite.Target(Closure , CallSite , Object , Object )
   в Inheritance.Geometry.Visitor.BodyExtensions.TryAcceptVisitor[TResult](Body body, Object visitor) в D:\Prog\programming2020\CS\Geometry\Visitor\BodyExtensions.cs:строка 9
   в Inheritance.Geometry.Visitor.BoundingBoxVisitor_Should.Ball_BoundingBoxVisitor_IsCorrect(Double x, Double y, Double z, Double radius) в D:\Prog\programming2020\CS\Geometry\Visitor\BoundingBoxVisitor_Should.cs:строка 42]]></stack-trace>
                </failure>
              </test-case>
              <test-case id="1118" name="Ball_BoundingBoxVisitor_IsCorrect(-6,-2,4,0)" fullname="Inheritance.Geometry.Visitor.BoundingBoxVisitor_Should.Ball_BoundingBoxVisitor_IsCorrect(-6,-2,4,0)" methodname="Ball_BoundingBoxVisitor_IsCorrect" classname="Inheritance.Geometry.Visitor.BoundingBoxVisitor_Should" runstate="Runnable" seed="1214972716" result="Failed" label="Error" start-time="2021-03-09 05:26:42Z" end-time="2021-03-09 05:26:42Z" duration="0.000537" asserts="0">
                <failure>
                  <message><![CDATA[Microsoft.CSharp.RuntimeBinder.RuntimeBinderException : "Inheritance.Geometry.Visitor.Ball" не содержит определения для "Accept"]]></message>
                  <stack-trace><![CDATA[   в CallSite.Target(Closure , CallSite , Object , Object )
   в Inheritance.Geometry.Visitor.BodyExtensions.TryAcceptVisitor[TResult](Body body, Object visitor) в D:\Prog\programming2020\CS\Geometry\Visitor\BodyExtensions.cs:строка 9
   в Inheritance.Geometry.Visitor.BoundingBoxVisitor_Should.Ball_BoundingBoxVisitor_IsCorrect(Double x, Double y, Double z, Double radius) в D:\Prog\programming2020\CS\Geometry\Visitor\BoundingBoxVisitor_Should.cs:строка 42]]></stack-trace>
                </failure>
              </test-case>
              <test-case id="1119" name="Ball_BoundingBoxVisitor_IsCorrect(-6,-2,-4,0)" fullname="Inheritance.Geometry.Visitor.BoundingBoxVisitor_Should.Ball_BoundingBoxVisitor_IsCorrect(-6,-2,-4,0)" methodname="Ball_BoundingBoxVisitor_IsCorrect" classname="Inheritance.Geometry.Visitor.BoundingBoxVisitor_Should" runstate="Runnable" seed="449156059" result="Failed" label="Error" start-time="2021-03-09 05:26:42Z" end-time="2021-03-09 05:26:42Z" duration="0.000463" asserts="0">
                <failure>
                  <message><![CDATA[Microsoft.CSharp.RuntimeBinder.RuntimeBinderException : "Inheritance.Geometry.Visitor.Ball" не содержит определения для "Accept"]]></message>
                  <stack-trace><![CDATA[   в CallSite.Target(Closure , CallSite , Object , Object )
   в Inheritance.Geometry.Visitor.BodyExtensions.TryAcceptVisitor[TResult](Body body, Object visitor) в D:\Prog\programming2020\CS\Geometry\Visitor\BodyExtensions.cs:строка 9
   в Inheritance.Geometry.Visitor.BoundingBoxVisitor_Should.Ball_BoundingBoxVisitor_IsCorrect(Double x, Double y, Double z, Double radius) в D:\Prog\programming2020\CS\Geometry\Visitor\BoundingBoxVisitor_Should.cs:строка 42]]></stack-trace>
                </failure>
              </test-case>
              <test-case id="1120" name="Ball_BoundingBoxVisitor_IsCorrect(6,2,-4,0)" fullname="Inheritance.Geometry.Visitor.BoundingBoxVisitor_Should.Ball_BoundingBoxVisitor_IsCorrect(6,2,-4,0)" methodname="Ball_BoundingBoxVisitor_IsCorrect" classname="Inheritance.Geometry.Visitor.BoundingBoxVisitor_Should" runstate="Runnable" seed="1382416709" result="Failed" label="Error" start-time="2021-03-09 05:26:42Z" end-time="2021-03-09 05:26:42Z" duration="0.000373" asserts="0">
                <failure>
                  <message><![CDATA[Microsoft.CSharp.RuntimeBinder.RuntimeBinderException : "Inheritance.Geometry.Visitor.Ball" не содержит определения для "Accept"]]></message>
                  <stack-trace><![CDATA[   в CallSite.Target(Closure , CallSite , Object , Object )
   в Inheritance.Geometry.Visitor.BodyExtensions.TryAcceptVisitor[TResult](Body body, Object visitor) в D:\Prog\programming2020\CS\Geometry\Visitor\BodyExtensions.cs:строка 9
   в Inheritance.Geometry.Visitor.BoundingBoxVisitor_Should.Ball_BoundingBoxVisitor_IsCorrect(Double x, Double y, Double z, Double radius) в D:\Prog\programming2020\CS\Geometry\Visitor\BoundingBoxVisitor_Should.cs:строка 42]]></stack-trace>
                </failure>
              </test-case>
              <test-case id="1121" name="Ball_BoundingBoxVisitor_IsCorrect(6,-2,-4,0)" fullname="Inheritance.Geometry.Visitor.BoundingBoxVisitor_Should.Ball_BoundingBoxVisitor_IsCorrect(6,-2,-4,0)" methodname="Ball_BoundingBoxVisitor_IsCorrect" classname="Inheritance.Geometry.Visitor.BoundingBoxVisitor_Should" runstate="Runnable" seed="1370418967" result="Failed" label="Error" start-time="2021-03-09 05:26:42Z" end-time="2021-03-09 05:26:42Z" duration="0.000491" asserts="0">
                <failure>
                  <message><![CDATA[Microsoft.CSharp.RuntimeBinder.RuntimeBinderException : "Inheritance.Geometry.Visitor.Ball" не содержит определения для "Accept"]]></message>
                  <stack-trace><![CDATA[   в CallSite.Target(Closure , CallSite , Object , Object )
   в Inheritance.Geometry.Visitor.BodyExtensions.TryAcceptVisitor[TResult](Body body, Object visitor) в D:\Prog\programming2020\CS\Geometry\Visitor\BodyExtensions.cs:строка 9
   в Inheritance.Geometry.Visitor.BoundingBoxVisitor_Should.Ball_BoundingBoxVisitor_IsCorrect(Double x, Double y, Double z, Double radius) в D:\Prog\programming2020\CS\Geometry\Visitor\BoundingBoxVisitor_Should.cs:строка 42]]></stack-trace>
                </failure>
              </test-case>
              <test-case id="1122" name="Ball_BoundingBoxVisitor_IsCorrect(6,2,4,2)" fullname="Inheritance.Geometry.Visitor.BoundingBoxVisitor_Should.Ball_BoundingBoxVisitor_IsCorrect(6,2,4,2)" methodname="Ball_BoundingBoxVisitor_IsCorrect" classname="Inheritance.Geometry.Visitor.BoundingBoxVisitor_Should" runstate="Runnable" seed="651666196" result="Failed" label="Error" start-time="2021-03-09 05:26:42Z" end-time="2021-03-09 05:26:42Z" duration="0.000395" asserts="0">
                <failure>
                  <message><![CDATA[Microsoft.CSharp.RuntimeBinder.RuntimeBinderException : "Inheritance.Geometry.Visitor.Ball" не содержит определения для "Accept"]]></message>
                  <stack-trace><![CDATA[   в CallSite.Target(Closure , CallSite , Object , Object )
   в Inheritance.Geometry.Visitor.BodyExtensions.TryAcceptVisitor[TResult](Body body, Object visitor) в D:\Prog\programming2020\CS\Geometry\Visitor\BodyExtensions.cs:строка 9
   в Inheritance.Geometry.Visitor.BoundingBoxVisitor_Should.Ball_BoundingBoxVisitor_IsCorrect(Double x, Double y, Double z, Double radius) в D:\Prog\programming2020\CS\Geometry\Visitor\BoundingBoxVisitor_Should.cs:строка 42]]></stack-trace>
                </failure>
              </test-case>
              <test-case id="1123" name="Ball_BoundingBoxVisitor_IsCorrect(-6,2,4,4)" fullname="Inheritance.Geometry.Visitor.BoundingBoxVisitor_Should.Ball_BoundingBoxVisitor_IsCorrect(-6,2,4,4)" methodname="Ball_BoundingBoxVisitor_IsCorrect" classname="Inheritance.Geometry.Visitor.BoundingBoxVisitor_Should" runstate="Runnable" seed="1386446556" result="Failed" label="Error" start-time="2021-03-09 05:26:42Z" end-time="2021-03-09 05:26:42Z" duration="0.000466" asserts="0">
                <failure>
                  <message><![CDATA[Microsoft.CSharp.RuntimeBinder.RuntimeBinderException : "Inheritance.Geometry.Visitor.Ball" не содержит определения для "Accept"]]></message>
                  <stack-trace><![CDATA[   в CallSite.Target(Closure , CallSite , Object , Object )
   в Inheritance.Geometry.Visitor.BodyExtensions.TryAcceptVisitor[TResult](Body body, Object visitor) в D:\Prog\programming2020\CS\Geometry\Visitor\BodyExtensions.cs:строка 9
   в Inheritance.Geometry.Visitor.BoundingBoxVisitor_Should.Ball_BoundingBoxVisitor_IsCorrect(Double x, Double y, Double z, Double radius) в D:\Prog\programming2020\CS\Geometry\Visitor\BoundingBoxVisitor_Should.cs:строка 42]]></stack-trace>
                </failure>
              </test-case>
              <test-case id="1124" name="Ball_BoundingBoxVisitor_IsCorrect(-6,-2,4,9)" fullname="Inheritance.Geometry.Visitor.BoundingBoxVisitor_Should.Ball_BoundingBoxVisitor_IsCorrect(-6,-2,4,9)" methodname="Ball_BoundingBoxVisitor_IsCorrect" classname="Inheritance.Geometry.Visitor.BoundingBoxVisitor_Should" runstate="Runnable" seed="1862888544" result="Failed" label="Error" start-time="2021-03-09 05:26:42Z" end-time="2021-03-09 05:26:42Z" duration="0.000402" asserts="0">
                <failure>
                  <message><![CDATA[Microsoft.CSharp.RuntimeBinder.RuntimeBinderException : "Inheritance.Geometry.Visitor.Ball" не содержит определения для "Accept"]]></message>
                  <stack-trace><![CDATA[   в CallSite.Target(Closure , CallSite , Object , Object )
   в Inheritance.Geometry.Visitor.BodyExtensions.TryAcceptVisitor[TResult](Body body, Object visitor) в D:\Prog\programming2020\CS\Geometry\Visitor\BodyExtensions.cs:строка 9
   в Inheritance.Geometry.Visitor.BoundingBoxVisitor_Should.Ball_BoundingBoxVisitor_IsCorrect(Double x, Double y, Double z, Double radius) в D:\Prog\programming2020\CS\Geometry\Visitor\BoundingBoxVisitor_Should.cs:строка 42]]></stack-trace>
                </failure>
              </test-case>
              <test-case id="1125" name="Ball_BoundingBoxVisitor_IsCorrect(-6,-2,-4,8)" fullname="Inheritance.Geometry.Visitor.BoundingBoxVisitor_Should.Ball_BoundingBoxVisitor_IsCorrect(-6,-2,-4,8)" methodname="Ball_BoundingBoxVisitor_IsCorrect" classname="Inheritance.Geometry.Visitor.BoundingBoxVisitor_Should" runstate="Runnable" seed="1318938992" result="Failed" label="Error" start-time="2021-03-09 05:26:42Z" end-time="2021-03-09 05:26:42Z" duration="0.001375" asserts="0">
                <failure>
                  <message><![CDATA[Microsoft.CSharp.RuntimeBinder.RuntimeBinderException : "Inheritance.Geometry.Visitor.Ball" не содержит определения для "Accept"]]></message>
                  <stack-trace><![CDATA[   в CallSite.Target(Closure , CallSite , Object , Object )
   в Inheritance.Geometry.Visitor.BodyExtensions.TryAcceptVisitor[TResult](Body body, Object visitor) в D:\Prog\programming2020\CS\Geometry\Visitor\BodyExtensions.cs:строка 9
   в Inheritance.Geometry.Visitor.BoundingBoxVisitor_Should.Ball_BoundingBoxVisitor_IsCorrect(Double x, Double y, Double z, Double radius) в D:\Prog\programming2020\CS\Geometry\Visitor\BoundingBoxVisitor_Should.cs:строка 42]]></stack-trace>
                </failure>
              </test-case>
              <test-case id="1126" name="Ball_BoundingBoxVisitor_IsCorrect(6,2,-4,7)" fullname="Inheritance.Geometry.Visitor.BoundingBoxVisitor_Should.Ball_BoundingBoxVisitor_IsCorrect(6,2,-4,7)" methodname="Ball_BoundingBoxVisitor_IsCorrect" classname="Inheritance.Geometry.Visitor.BoundingBoxVisitor_Should" runstate="Runnable" seed="597473131" result="Failed" label="Error" start-time="2021-03-09 05:26:42Z" end-time="2021-03-09 05:26:42Z" duration="0.000506" asserts="0">
                <failure>
                  <message><![CDATA[Microsoft.CSharp.RuntimeBinder.RuntimeBinderException : "Inheritance.Geometry.Visitor.Ball" не содержит определения для "Accept"]]></message>
                  <stack-trace><![CDATA[   в CallSite.Target(Closure , CallSite , Object , Object )
   в Inheritance.Geometry.Visitor.BodyExtensions.TryAcceptVisitor[TResult](Body body, Object visitor) в D:\Prog\programming2020\CS\Geometry\Visitor\BodyExtensions.cs:строка 9
   в Inheritance.Geometry.Visitor.BoundingBoxVisitor_Should.Ball_BoundingBoxVisitor_IsCorrect(Double x, Double y, Double z, Double radius) в D:\Prog\programming2020\CS\Geometry\Visitor\BoundingBoxVisitor_Should.cs:строка 42]]></stack-trace>
                </failure>
              </test-case>
              <test-case id="1127" name="Ball_BoundingBoxVisitor_IsCorrect(6,-2,-4,1)" fullname="Inheritance.Geometry.Visitor.BoundingBoxVisitor_Should.Ball_BoundingBoxVisitor_IsCorrect(6,-2,-4,1)" methodname="Ball_BoundingBoxVisitor_IsCorrect" classname="Inheritance.Geometry.Visitor.BoundingBoxVisitor_Should" runstate="Runnable" seed="713703901" result="Failed" label="Error" start-time="2021-03-09 05:26:42Z" end-time="2021-03-09 05:26:42Z" duration="0.000356" asserts="0">
                <failure>
                  <message><![CDATA[Microsoft.CSharp.RuntimeBinder.RuntimeBinderException : "Inheritance.Geometry.Visitor.Ball" не содержит определения для "Accept"]]></message>
                  <stack-trace><![CDATA[   в CallSite.Target(Closure , CallSite , Object , Object )
   в Inheritance.Geometry.Visitor.BodyExtensions.TryAcceptVisitor[TResult](Body body, Object visitor) в D:\Prog\programming2020\CS\Geometry\Visitor\BodyExtensions.cs:строка 9
   в Inheritance.Geometry.Visitor.BoundingBoxVisitor_Should.Ball_BoundingBoxVisitor_IsCorrect(Double x, Double y, Double z, Double radius) в D:\Prog\programming2020\CS\Geometry\Visitor\BoundingBoxVisitor_Should.cs:строка 42]]></stack-trace>
                </failure>
              </test-case>
            </test-suite>
            <test-suite type="ParameterizedMethod" id="1166" name="CompoundBody_BoundingBox_IsCorrect" fullname="Inheritance.Geometry.Visitor.BoundingBoxVisitor_Should.CompoundBody_BoundingBox_IsCorrect" classname="Inheritance.Geometry.Visitor.BoundingBoxVisitor_Should" runstate="Runnable" testcasecount="9" result="Failed" site="Child" start-time="2021-03-09 05:26:42Z" end-time="2021-03-09 05:26:42Z" duration="0.043081" total="9" passed="0" failed="9" warnings="0" inconclusive="0" skipped="0" asserts="0">
              <failure>
                <message><![CDATA[One or more child tests had errors]]></message>
              </failure>
              <test-case id="1157" name="CompoundBody_BoundingBox_IsCorrect(0,0,0,1)" fullname="Inheritance.Geometry.Visitor.BoundingBoxVisitor_Should.CompoundBody_BoundingBox_IsCorrect(0,0,0,1)" methodname="CompoundBody_BoundingBox_IsCorrect" classname="Inheritance.Geometry.Visitor.BoundingBoxVisitor_Should" runstate="Runnable" seed="1609800464" result="Failed" label="Error" start-time="2021-03-09 05:26:42Z" end-time="2021-03-09 05:26:42Z" duration="0.005197" asserts="0">
                <failure>
                  <message><![CDATA[Microsoft.CSharp.RuntimeBinder.RuntimeBinderException : "Inheritance.Geometry.Visitor.CompoundBody" не содержит определения для "Accept"]]></message>
                  <stack-trace><![CDATA[   в CallSite.Target(Closure , CallSite , Object , Object )
   в System.Dynamic.UpdateDelegates.UpdateAndExecute2[T0,T1,TRet](CallSite site, T0 arg0, T1 arg1)
   в CallSite.Target(Closure , CallSite , Object , Object )
   в Inheritance.Geometry.Visitor.BodyExtensions.TryAcceptVisitor[TResult](Body body, Object visitor) в D:\Prog\programming2020\CS\Geometry\Visitor\BodyExtensions.cs:строка 9
   в Inheritance.Geometry.Visitor.BoundingBoxVisitor_Should.CompoundBody_BoundingBox_IsCorrect(Double x, Double y, Double z, Double radius) в D:\Prog\programming2020\CS\Geometry\Visitor\BoundingBoxVisitor_Should.cs:строка 115]]></stack-trace>
                </failure>
              </test-case>
              <test-case id="1158" name="CompoundBody_BoundingBox_IsCorrect(0,0,0,6)" fullname="Inheritance.Geometry.Visitor.BoundingBoxVisitor_Should.CompoundBody_BoundingBox_IsCorrect(0,0,0,6)" methodname="CompoundBody_BoundingBox_IsCorrect" classname="Inheritance.Geometry.Visitor.BoundingBoxVisitor_Should" runstate="Runnable" seed="1950877573" result="Failed" label="Error" start-time="2021-03-09 05:26:42Z" end-time="2021-03-09 05:26:42Z" duration="0.002511" asserts="0">
                <failure>
                  <message><![CDATA[Microsoft.CSharp.RuntimeBinder.RuntimeBinderException : "Inheritance.Geometry.Visitor.CompoundBody" не содержит определения для "Accept"]]></message>
                  <stack-trace><![CDATA[   в CallSite.Target(Closure , CallSite , Object , Object )
   в Inheritance.Geometry.Visitor.BodyExtensions.TryAcceptVisitor[TResult](Body body, Object visitor) в D:\Prog\programming2020\CS\Geometry\Visitor\BodyExtensions.cs:строка 9
   в Inheritance.Geometry.Visitor.BoundingBoxVisitor_Should.CompoundBody_BoundingBox_IsCorrect(Double x, Double y, Double z, Double radius) в D:\Prog\programming2020\CS\Geometry\Visitor\BoundingBoxVisitor_Should.cs:строка 115]]></stack-trace>
                </failure>
              </test-case>
              <test-case id="1159" name="CompoundBody_BoundingBox_IsCorrect(0,0,0,7)" fullname="Inheritance.Geometry.Visitor.BoundingBoxVisitor_Should.CompoundBody_BoundingBox_IsCorrect(0,0,0,7)" methodname="CompoundBody_BoundingBox_IsCorrect" classname="Inheritance.Geometry.Visitor.BoundingBoxVisitor_Should" runstate="Runnable" seed="1716919210" result="Failed" label="Error" start-time="2021-03-09 05:26:42Z" end-time="2021-03-09 05:26:42Z" duration="0.000411" asserts="0">
                <failure>
                  <message><![CDATA[Microsoft.CSharp.RuntimeBinder.RuntimeBinderException : "Inheritance.Geometry.Visitor.CompoundBody" не содержит определения для "Accept"]]></message>
                  <stack-trace><![CDATA[   в CallSite.Target(Closure , CallSite , Object , Object )
   в Inheritance.Geometry.Visitor.BodyExtensions.TryAcceptVisitor[TResult](Body body, Object visitor) в D:\Prog\programming2020\CS\Geometry\Visitor\BodyExtensions.cs:строка 9
   в Inheritance.Geometry.Visitor.BoundingBoxVisitor_Should.CompoundBody_BoundingBox_IsCorrect(Double x, Double y, Double z, Double radius) в D:\Prog\programming2020\CS\Geometry\Visitor\BoundingBoxVisitor_Should.cs:строка 115]]></stack-trace>
                </failure>
              </test-case>
              <test-case id="1160" name="CompoundBody_BoundingBox_IsCorrect(1,1,1,7)" fullname="Inheritance.Geometry.Visitor.BoundingBoxVisitor_Should.CompoundBody_BoundingBox_IsCorrect(1,1,1,7)" methodname="CompoundBody_BoundingBox_IsCorrect" classname="Inheritance.Geometry.Visitor.BoundingBoxVisitor_Should" runstate="Runnable" seed="1671555035" result="Failed" label="Error" start-time="2021-03-09 05:26:42Z" end-time="2021-03-09 05:26:42Z" duration="0.000765" asserts="0">
                <failure>
                  <message><![CDATA[Microsoft.CSharp.RuntimeBinder.RuntimeBinderException : "Inheritance.Geometry.Visitor.CompoundBody" не содержит определения для "Accept"]]></message>
                  <stack-trace><![CDATA[   в CallSite.Target(Closure , CallSite , Object , Object )
   в Inheritance.Geometry.Visitor.BodyExtensions.TryAcceptVisitor[TResult](Body body, Object visitor) в D:\Prog\programming2020\CS\Geometry\Visitor\BodyExtensions.cs:строка 9
   в Inheritance.Geometry.Visitor.BoundingBoxVisitor_Should.CompoundBody_BoundingBox_IsCorrect(Double x, Double y, Double z, Double radius) в D:\Prog\programming2020\CS\Geometry\Visitor\BoundingBoxVisitor_Should.cs:строка 115]]></stack-trace>
                </failure>
              </test-case>
              <test-case id="1161" name="CompoundBody_BoundingBox_IsCorrect(2,3,6,5)" fullname="Inheritance.Geometry.Visitor.BoundingBoxVisitor_Should.CompoundBody_BoundingBox_IsCorrect(2,3,6,5)" methodname="CompoundBody_BoundingBox_IsCorrect" classname="Inheritance.Geometry.Visitor.BoundingBoxVisitor_Should" runstate="Runnable" seed="125899114" result="Failed" label="Error" start-time="2021-03-09 05:26:42Z" end-time="2021-03-09 05:26:42Z" duration="0.000411" asserts="0">
                <failure>
                  <message><![CDATA[Microsoft.CSharp.RuntimeBinder.RuntimeBinderException : "Inheritance.Geometry.Visitor.CompoundBody" не содержит определения для "Accept"]]></message>
                  <stack-trace><![CDATA[   в CallSite.Target(Closure , CallSite , Object , Object )
   в Inheritance.Geometry.Visitor.BodyExtensions.TryAcceptVisitor[TResult](Body body, Object visitor) в D:\Prog\programming2020\CS\Geometry\Visitor\BodyExtensions.cs:строка 9
   в Inheritance.Geometry.Visitor.BoundingBoxVisitor_Should.CompoundBody_BoundingBox_IsCorrect(Double x, Double y, Double z, Double radius) в D:\Prog\programming2020\CS\Geometry\Visitor\BoundingBoxVisitor_Should.cs:строка 115]]></stack-trace>
                </failure>
              </test-case>
              <test-case id="1162" name="CompoundBody_BoundingBox_IsCorrect(-2,-3,6,3)" fullname="Inheritance.Geometry.Visitor.BoundingBoxVisitor_Should.CompoundBody_BoundingBox_IsCorrect(-2,-3,6,3)" methodname="CompoundBody_BoundingBox_IsCorrect" classname="Inheritance.Geometry.Visitor.BoundingBoxVisitor_Should" runstate="Runnable" seed="901945936" result="Failed" label="Error" start-time="2021-03-09 05:26:42Z" end-time="2021-03-09 05:26:42Z" duration="0.000489" asserts="0">
                <failure>
                  <message><![CDATA[Microsoft.CSharp.RuntimeBinder.RuntimeBinderException : "Inheritance.Geometry.Visitor.CompoundBody" не содержит определения для "Accept"]]></message>
                  <stack-trace><![CDATA[   в CallSite.Target(Closure , CallSite , Object , Object )
   в Inheritance.Geometry.Visitor.BodyExtensions.TryAcceptVisitor[TResult](Body body, Object visitor) в D:\Prog\programming2020\CS\Geometry\Visitor\BodyExtensions.cs:строка 9
   в Inheritance.Geometry.Visitor.BoundingBoxVisitor_Should.CompoundBody_BoundingBox_IsCorrect(Double x, Double y, Double z, Double radius) в D:\Prog\programming2020\CS\Geometry\Visitor\BoundingBoxVisitor_Should.cs:строка 115]]></stack-trace>
                </failure>
              </test-case>
              <test-case id="1163" name="CompoundBody_BoundingBox_IsCorrect(-12,-23,-46,13)" fullname="Inheritance.Geometry.Visitor.BoundingBoxVisitor_Should.CompoundBody_BoundingBox_IsCorrect(-12,-23,-46,13)" methodname="CompoundBody_BoundingBox_IsCorrect" classname="Inheritance.Geometry.Visitor.BoundingBoxVisitor_Should" runstate="Runnable" seed="2088467509" result="Failed" label="Error" start-time="2021-03-09 05:26:42Z" end-time="2021-03-09 05:26:42Z" duration="0.000343" asserts="0">
                <failure>
                  <message><![CDATA[Microsoft.CSharp.RuntimeBinder.RuntimeBinderException : "Inheritance.Geometry.Visitor.CompoundBody" не содержит определения для "Accept"]]></message>
                  <stack-trace><![CDATA[   в CallSite.Target(Closure , CallSite , Object , Object )
   в Inheritance.Geometry.Visitor.BodyExtensions.TryAcceptVisitor[TResult](Body body, Object visitor) в D:\Prog\programming2020\CS\Geometry\Visitor\BodyExtensions.cs:строка 9
   в Inheritance.Geometry.Visitor.BoundingBoxVisitor_Should.CompoundBody_BoundingBox_IsCorrect(Double x, Double y, Double z, Double radius) в D:\Prog\programming2020\CS\Geometry\Visitor\BoundingBoxVisitor_Should.cs:строка 115]]></stack-trace>
                </failure>
              </test-case>
              <test-case id="1164" name="CompoundBody_BoundingBox_IsCorrect(12,-23,6,14)" fullname="Inheritance.Geometry.Visitor.BoundingBoxVisitor_Should.CompoundBody_BoundingBox_IsCorrect(12,-23,6,14)" methodname="CompoundBody_BoundingBox_IsCorrect" classname="Inheritance.Geometry.Visitor.BoundingBoxVisitor_Should" runstate="Runnable" seed="1534387276" result="Failed" label="Error" start-time="2021-03-09 05:26:42Z" end-time="2021-03-09 05:26:42Z" duration="0.000291" asserts="0">
                <failure>
                  <message><![CDATA[Microsoft.CSharp.RuntimeBinder.RuntimeBinderException : "Inheritance.Geometry.Visitor.CompoundBody" не содержит определения для "Accept"]]></message>
                  <stack-trace><![CDATA[   в CallSite.Target(Closure , CallSite , Object , Object )
   в Inheritance.Geometry.Visitor.BodyExtensions.TryAcceptVisitor[TResult](Body body, Object visitor) в D:\Prog\programming2020\CS\Geometry\Visitor\BodyExtensions.cs:строка 9
   в Inheritance.Geometry.Visitor.BoundingBoxVisitor_Should.CompoundBody_BoundingBox_IsCorrect(Double x, Double y, Double z, Double radius) в D:\Prog\programming2020\CS\Geometry\Visitor\BoundingBoxVisitor_Should.cs:строка 115]]></stack-trace>
                </failure>
              </test-case>
              <test-case id="1165" name="CompoundBody_BoundingBox_IsCorrect(8,5,-16,12)" fullname="Inheritance.Geometry.Visitor.BoundingBoxVisitor_Should.CompoundBody_BoundingBox_IsCorrect(8,5,-16,12)" methodname="CompoundBody_BoundingBox_IsCorrect" classname="Inheritance.Geometry.Visitor.BoundingBoxVisitor_Should" runstate="Runnable" seed="54454337" result="Failed" label="Error" start-time="2021-03-09 05:26:42Z" end-time="2021-03-09 05:26:42Z" duration="0.000479" asserts="0">
                <failure>
                  <message><![CDATA[Microsoft.CSharp.RuntimeBinder.RuntimeBinderException : "Inheritance.Geometry.Visitor.CompoundBody" не содержит определения для "Accept"]]></message>
                  <stack-trace><![CDATA[   в CallSite.Target(Closure , CallSite , Object , Object )
   в Inheritance.Geometry.Visitor.BodyExtensions.TryAcceptVisitor[TResult](Body body, Object visitor) в D:\Prog\programming2020\CS\Geometry\Visitor\BodyExtensions.cs:строка 9
   в Inheritance.Geometry.Visitor.BoundingBoxVisitor_Should.CompoundBody_BoundingBox_IsCorrect(Double x, Double y, Double z, Double radius) в D:\Prog\programming2020\CS\Geometry\Visitor\BoundingBoxVisitor_Should.cs:строка 115]]></stack-trace>
                </failure>
              </test-case>
            </test-suite>
            <test-suite type="ParameterizedMethod" id="1114" name="CompoundBody_Of_TwoCuboids_BoundingBox_Correct" fullname="Inheritance.Geometry.Visitor.BoundingBoxVisitor_Should.CompoundBody_Of_TwoCuboids_BoundingBox_Correct" classname="Inheritance.Geometry.Visitor.BoundingBoxVisitor_Should" runstate="Runnable" testcasecount="3" result="Failed" site="Child" start-time="2021-03-09 05:26:42Z" end-time="2021-03-09 05:26:42Z" duration="0.013041" total="3" passed="0" failed="3" warnings="0" inconclusive="0" skipped="0" asserts="0">
              <failure>
                <message><![CDATA[One or more child tests had errors]]></message>
              </failure>
              <test-case id="1111" name="CompoundBody_Of_TwoCuboids_BoundingBox_Correct(1,2,3,2,1,3,5,5,4)" fullname="Inheritance.Geometry.Visitor.BoundingBoxVisitor_Should.CompoundBody_Of_TwoCuboids_BoundingBox_Correct(1,2,3,2,1,3,5,5,4)" methodname="CompoundBody_Of_TwoCuboids_BoundingBox_Correct" classname="Inheritance.Geometry.Visitor.BoundingBoxVisitor_Should" runstate="Runnable" seed="709239724" result="Failed" label="Error" start-time="2021-03-09 05:26:42Z" end-time="2021-03-09 05:26:42Z" duration="0.001214" asserts="0">
                <failure>
                  <message><![CDATA[Microsoft.CSharp.RuntimeBinder.RuntimeBinderException : "Inheritance.Geometry.Visitor.CompoundBody" не содержит определения для "Accept"]]></message>
                  <stack-trace><![CDATA[   в CallSite.Target(Closure , CallSite , Object , Object )
   в Inheritance.Geometry.Visitor.BodyExtensions.TryAcceptVisitor[TResult](Body body, Object visitor) в D:\Prog\programming2020\CS\Geometry\Visitor\BodyExtensions.cs:строка 9
   в Inheritance.Geometry.Visitor.BoundingBoxVisitor_Should.CompoundBody_Of_TwoCuboids_BoundingBox_Correct(Double x0, Double y0, Double z0, Double x1, Double y1, Double z1, Double expectedSizeX, Double expectedSizeY, Double expectedSizeZ) в D:\Prog\programming2020\CS\Geometry\Visitor\BoundingBoxVisitor_Should.cs:строка 20]]></stack-trace>
                </failure>
              </test-case>
              <test-case id="1112" name="CompoundBody_Of_TwoCuboids_BoundingBox_Correct(1,1,1,2,2,2,5,5,5)" fullname="Inheritance.Geometry.Visitor.BoundingBoxVisitor_Should.CompoundBody_Of_TwoCuboids_BoundingBox_Correct(1,1,1,2,2,2,5,5,5)" methodname="CompoundBody_Of_TwoCuboids_BoundingBox_Correct" classname="Inheritance.Geometry.Visitor.BoundingBoxVisitor_Should" runstate="Runnable" seed="1201694426" result="Failed" label="Error" start-time="2021-03-09 05:26:42Z" end-time="2021-03-09 05:26:42Z" duration="0.000395" asserts="0">
                <failure>
                  <message><![CDATA[Microsoft.CSharp.RuntimeBinder.RuntimeBinderException : "Inheritance.Geometry.Visitor.CompoundBody" не содержит определения для "Accept"]]></message>
                  <stack-trace><![CDATA[   в CallSite.Target(Closure , CallSite , Object , Object )
   в Inheritance.Geometry.Visitor.BodyExtensions.TryAcceptVisitor[TResult](Body body, Object visitor) в D:\Prog\programming2020\CS\Geometry\Visitor\BodyExtensions.cs:строка 9
   в Inheritance.Geometry.Visitor.BoundingBoxVisitor_Should.CompoundBody_Of_TwoCuboids_BoundingBox_Correct(Double x0, Double y0, Double z0, Double x1, Double y1, Double z1, Double expectedSizeX, Double expectedSizeY, Double expectedSizeZ) в D:\Prog\programming2020\CS\Geometry\Visitor\BoundingBoxVisitor_Should.cs:строка 20]]></stack-trace>
                </failure>
              </test-case>
              <test-case id="1113" name="CompoundBody_Of_TwoCuboids_BoundingBox_Correct(2,1,1,1,2,2,5,5,5)" fullname="Inheritance.Geometry.Visitor.BoundingBoxVisitor_Should.CompoundBody_Of_TwoCuboids_BoundingBox_Correct(2,1,1,1,2,2,5,5,5)" methodname="CompoundBody_Of_TwoCuboids_BoundingBox_Correct" classname="Inheritance.Geometry.Visitor.BoundingBoxVisitor_Should" runstate="Runnable" seed="1725207100" result="Failed" label="Error" start-time="2021-03-09 05:26:42Z" end-time="2021-03-09 05:26:42Z" duration="0.000453" asserts="0">
                <failure>
                  <message><![CDATA[Microsoft.CSharp.RuntimeBinder.RuntimeBinderException : "Inheritance.Geometry.Visitor.CompoundBody" не содержит определения для "Accept"]]></message>
                  <stack-trace><![CDATA[   в CallSite.Target(Closure , CallSite , Object , Object )
   в Inheritance.Geometry.Visitor.BodyExtensions.TryAcceptVisitor[TResult](Body body, Object visitor) в D:\Prog\programming2020\CS\Geometry\Visitor\BodyExtensions.cs:строка 9
   в Inheritance.Geometry.Visitor.BoundingBoxVisitor_Should.CompoundBody_Of_TwoCuboids_BoundingBox_Correct(Double x0, Double y0, Double z0, Double x1, Double y1, Double z1, Double expectedSizeX, Double expectedSizeY, Double expectedSizeZ) в D:\Prog\programming2020\CS\Geometry\Visitor\BoundingBoxVisitor_Should.cs:строка 20]]></stack-trace>
                </failure>
              </test-case>
            </test-suite>
            <test-suite type="ParameterizedMethod" id="1156" name="Cylinder_BoundingBox_IsCorrect" fullname="Inheritance.Geometry.Visitor.BoundingBoxVisitor_Should.Cylinder_BoundingBox_IsCorrect" classname="Inheritance.Geometry.Visitor.BoundingBoxVisitor_Should" runstate="Runnable" testcasecount="13" result="Failed" site="Child" start-time="2021-03-09 05:26:42Z" end-time="2021-03-09 05:26:42Z" duration="0.055059" total="13" passed="0" failed="13" warnings="0" inconclusive="0" skipped="0" asserts="0">
              <failure>
                <message><![CDATA[One or more child tests had errors]]></message>
              </failure>
              <test-case id="1143" name="Cylinder_BoundingBox_IsCorrect(0,0,0,1,2)" fullname="Inheritance.Geometry.Visitor.BoundingBoxVisitor_Should.Cylinder_BoundingBox_IsCorrect(0,0,0,1,2)" methodname="Cylinder_BoundingBox_IsCorrect" classname="Inheritance.Geometry.Visitor.BoundingBoxVisitor_Should" runstate="Runnable" seed="81188738" result="Failed" label="Error" start-time="2021-03-09 05:26:42Z" end-time="2021-03-09 05:26:42Z" duration="0.002052" asserts="0">
                <failure>
                  <message><![CDATA[Microsoft.CSharp.RuntimeBinder.RuntimeBinderException : "Inheritance.Geometry.Visitor.Cylinder" не содержит определения для "Accept"]]></message>
                  <stack-trace><![CDATA[   в CallSite.Target(Closure , CallSite , Object , Object )
   в System.Dynamic.UpdateDelegates.UpdateAndExecute2[T0,T1,TRet](CallSite site, T0 arg0, T1 arg1)
   в CallSite.Target(Closure , CallSite , Object , Object )
   в Inheritance.Geometry.Visitor.BodyExtensions.TryAcceptVisitor[TResult](Body body, Object visitor) в D:\Prog\programming2020\CS\Geometry\Visitor\BodyExtensions.cs:строка 9
   в Inheritance.Geometry.Visitor.BoundingBoxVisitor_Should.Cylinder_BoundingBox_IsCorrect(Double x, Double y, Double z, Double radius, Double height) в D:\Prog\programming2020\CS\Geometry\Visitor\BoundingBoxVisitor_Should.cs:строка 86]]></stack-trace>
                </failure>
              </test-case>
              <test-case id="1144" name="Cylinder_BoundingBox_IsCorrect(6,2,4,5,4)" fullname="Inheritance.Geometry.Visitor.BoundingBoxVisitor_Should.Cylinder_BoundingBox_IsCorrect(6,2,4,5,4)" methodname="Cylinder_BoundingBox_IsCorrect" classname="Inheritance.Geometry.Visitor.BoundingBoxVisitor_Should" runstate="Runnable" seed="1662155713" result="Failed" label="Error" start-time="2021-03-09 05:26:42Z" end-time="2021-03-09 05:26:42Z" duration="0.000426" asserts="0">
                <failure>
                  <message><![CDATA[Microsoft.CSharp.RuntimeBinder.RuntimeBinderException : "Inheritance.Geometry.Visitor.Cylinder" не содержит определения для "Accept"]]></message>
                  <stack-trace><![CDATA[   в CallSite.Target(Closure , CallSite , Object , Object )
   в Inheritance.Geometry.Visitor.BodyExtensions.TryAcceptVisitor[TResult](Body body, Object visitor) в D:\Prog\programming2020\CS\Geometry\Visitor\BodyExtensions.cs:строка 9
   в Inheritance.Geometry.Visitor.BoundingBoxVisitor_Should.Cylinder_BoundingBox_IsCorrect(Double x, Double y, Double z, Double radius, Double height) в D:\Prog\programming2020\CS\Geometry\Visitor\BoundingBoxVisitor_Should.cs:строка 86]]></stack-trace>
                </failure>
              </test-case>
              <test-case id="1145" name="Cylinder_BoundingBox_IsCorrect(-6,2,4,5,5)" fullname="Inheritance.Geometry.Visitor.BoundingBoxVisitor_Should.Cylinder_BoundingBox_IsCorrect(-6,2,4,5,5)" methodname="Cylinder_BoundingBox_IsCorrect" classname="Inheritance.Geometry.Visitor.BoundingBoxVisitor_Should" runstate="Runnable" seed="1316363603" result="Failed" label="Error" start-time="2021-03-09 05:26:42Z" end-time="2021-03-09 05:26:42Z" duration="0.000458" asserts="0">
                <failure>
                  <message><![CDATA[Microsoft.CSharp.RuntimeBinder.RuntimeBinderException : "Inheritance.Geometry.Visitor.Cylinder" не содержит определения для "Accept"]]></message>
                  <stack-trace><![CDATA[   в CallSite.Target(Closure , CallSite , Object , Object )
   в Inheritance.Geometry.Visitor.BodyExtensions.TryAcceptVisitor[TResult](Body body, Object visitor) в D:\Prog\programming2020\CS\Geometry\Visitor\BodyExtensions.cs:строка 9
   в Inheritance.Geometry.Visitor.BoundingBoxVisitor_Should.Cylinder_BoundingBox_IsCorrect(Double x, Double y, Double z, Double radius, Double height) в D:\Prog\programming2020\CS\Geometry\Visitor\BoundingBoxVisitor_Should.cs:строка 86]]></stack-trace>
                </failure>
              </test-case>
              <test-case id="1146" name="Cylinder_BoundingBox_IsCorrect(-6,-2,4)" fullname="Inheritance.Geometry.Visitor.BoundingBoxVisitor_Should.Cylinder_BoundingBox_IsCorrect(-6,-2,4)" methodname="Cylinder_BoundingBox_IsCorrect" classname="Inheritance.Geometry.Visitor.BoundingBoxVisitor_Should" runstate="Runnable" seed="2139752419" result="Failed" label="Error" start-time="2021-03-09 05:26:42Z" end-time="2021-03-09 05:26:42Z" duration="0.000472" asserts="0">
                <failure>
                  <message><![CDATA[Microsoft.CSharp.RuntimeBinder.RuntimeBinderException : "Inheritance.Geometry.Visitor.Cylinder" не содержит определения для "Accept"]]></message>
                  <stack-trace><![CDATA[   в CallSite.Target(Closure , CallSite , Object , Object )
   в Inheritance.Geometry.Visitor.BodyExtensions.TryAcceptVisitor[TResult](Body body, Object visitor) в D:\Prog\programming2020\CS\Geometry\Visitor\BodyExtensions.cs:строка 9
   в Inheritance.Geometry.Visitor.BoundingBoxVisitor_Should.Cylinder_BoundingBox_IsCorrect(Double x, Double y, Double z, Double radius, Double height) в D:\Prog\programming2020\CS\Geometry\Visitor\BoundingBoxVisitor_Should.cs:строка 86]]></stack-trace>
                </failure>
              </test-case>
              <test-case id="1147" name="Cylinder_BoundingBox_IsCorrect(-6,-2,-4)" fullname="Inheritance.Geometry.Visitor.BoundingBoxVisitor_Should.Cylinder_BoundingBox_IsCorrect(-6,-2,-4)" methodname="Cylinder_BoundingBox_IsCorrect" classname="Inheritance.Geometry.Visitor.BoundingBoxVisitor_Should" runstate="Runnable" seed="1248177869" result="Failed" label="Error" start-time="2021-03-09 05:26:42Z" end-time="2021-03-09 05:26:42Z" duration="0.000327" asserts="0">
                <failure>
                  <message><![CDATA[Microsoft.CSharp.RuntimeBinder.RuntimeBinderException : "Inheritance.Geometry.Visitor.Cylinder" не содержит определения для "Accept"]]></message>
                  <stack-trace><![CDATA[   в CallSite.Target(Closure , CallSite , Object , Object )
   в Inheritance.Geometry.Visitor.BodyExtensions.TryAcceptVisitor[TResult](Body body, Object visitor) в D:\Prog\programming2020\CS\Geometry\Visitor\BodyExtensions.cs:строка 9
   в Inheritance.Geometry.Visitor.BoundingBoxVisitor_Should.Cylinder_BoundingBox_IsCorrect(Double x, Double y, Double z, Double radius, Double height) в D:\Prog\programming2020\CS\Geometry\Visitor\BoundingBoxVisitor_Should.cs:строка 86]]></stack-trace>
                </failure>
              </test-case>
              <test-case id="1148" name="Cylinder_BoundingBox_IsCorrect(6,2,-4)" fullname="Inheritance.Geometry.Visitor.BoundingBoxVisitor_Should.Cylinder_BoundingBox_IsCorrect(6,2,-4)" methodname="Cylinder_BoundingBox_IsCorrect" classname="Inheritance.Geometry.Visitor.BoundingBoxVisitor_Should" runstate="Runnable" seed="1589455017" result="Failed" label="Error" start-time="2021-03-09 05:26:42Z" end-time="2021-03-09 05:26:42Z" duration="0.000520" asserts="0">
                <failure>
                  <message><![CDATA[Microsoft.CSharp.RuntimeBinder.RuntimeBinderException : "Inheritance.Geometry.Visitor.Cylinder" не содержит определения для "Accept"]]></message>
                  <stack-trace><![CDATA[   в CallSite.Target(Closure , CallSite , Object , Object )
   в Inheritance.Geometry.Visitor.BodyExtensions.TryAcceptVisitor[TResult](Body body, Object visitor) в D:\Prog\programming2020\CS\Geometry\Visitor\BodyExtensions.cs:строка 9
   в Inheritance.Geometry.Visitor.BoundingBoxVisitor_Should.Cylinder_BoundingBox_IsCorrect(Double x, Double y, Double z, Double radius, Double height) в D:\Prog\programming2020\CS\Geometry\Visitor\BoundingBoxVisitor_Should.cs:строка 86]]></stack-trace>
                </failure>
              </test-case>
              <test-case id="1149" name="Cylinder_BoundingBox_IsCorrect(6,-2,-4)" fullname="Inheritance.Geometry.Visitor.BoundingBoxVisitor_Should.Cylinder_BoundingBox_IsCorrect(6,-2,-4)" methodname="Cylinder_BoundingBox_IsCorrect" classname="Inheritance.Geometry.Visitor.BoundingBoxVisitor_Should" runstate="Runnable" seed="948560319" result="Failed" label="Error" start-time="2021-03-09 05:26:42Z" end-time="2021-03-09 05:26:42Z" duration="0.000453" asserts="0">
                <failure>
                  <message><![CDATA[Microsoft.CSharp.RuntimeBinder.RuntimeBinderException : "Inheritance.Geometry.Visitor.Cylinder" не содержит определения для "Accept"]]></message>
                  <stack-trace><![CDATA[   в CallSite.Target(Closure , CallSite , Object , Object )
   в Inheritance.Geometry.Visitor.BodyExtensions.TryAcceptVisitor[TResult](Body body, Object visitor) в D:\Prog\programming2020\CS\Geometry\Visitor\BodyExtensions.cs:строка 9
   в Inheritance.Geometry.Visitor.BoundingBoxVisitor_Should.Cylinder_BoundingBox_IsCorrect(Double x, Double y, Double z, Double radius, Double height) в D:\Prog\programming2020\CS\Geometry\Visitor\BoundingBoxVisitor_Should.cs:строка 86]]></stack-trace>
                </failure>
              </test-case>
              <test-case id="1150" name="Cylinder_BoundingBox_IsCorrect(6,2,4)" fullname="Inheritance.Geometry.Visitor.BoundingBoxVisitor_Should.Cylinder_BoundingBox_IsCorrect(6,2,4)" methodname="Cylinder_BoundingBox_IsCorrect" classname="Inheritance.Geometry.Visitor.BoundingBoxVisitor_Should" runstate="Runnable" seed="776316962" result="Failed" label="Error" start-time="2021-03-09 05:26:42Z" end-time="2021-03-09 05:26:42Z" duration="0.000348" asserts="0">
                <failure>
                  <message><![CDATA[Microsoft.CSharp.RuntimeBinder.RuntimeBinderException : "Inheritance.Geometry.Visitor.Cylinder" не содержит определения для "Accept"]]></message>
                  <stack-trace><![CDATA[   в CallSite.Target(Closure , CallSite , Object , Object )
   в Inheritance.Geometry.Visitor.BodyExtensions.TryAcceptVisitor[TResult](Body body, Object visitor) в D:\Prog\programming2020\CS\Geometry\Visitor\BodyExtensions.cs:строка 9
   в Inheritance.Geometry.Visitor.BoundingBoxVisitor_Should.Cylinder_BoundingBox_IsCorrect(Double x, Double y, Double z, Double radius, Double height) в D:\Prog\programming2020\CS\Geometry\Visitor\BoundingBoxVisitor_Should.cs:строка 86]]></stack-trace>
                </failure>
              </test-case>
              <test-case id="1151" name="Cylinder_BoundingBox_IsCorrect(-6,2,4)" fullname="Inheritance.Geometry.Visitor.BoundingBoxVisitor_Should.Cylinder_BoundingBox_IsCorrect(-6,2,4)" methodname="Cylinder_BoundingBox_IsCorrect" classname="Inheritance.Geometry.Visitor.BoundingBoxVisitor_Should" runstate="Runnable" seed="1187634350" result="Failed" label="Error" start-time="2021-03-09 05:26:42Z" end-time="2021-03-09 05:26:42Z" duration="0.000446" asserts="0">
                <failure>
                  <message><![CDATA[Microsoft.CSharp.RuntimeBinder.RuntimeBinderException : "Inheritance.Geometry.Visitor.Cylinder" не содержит определения для "Accept"]]></message>
                  <stack-trace><![CDATA[   в CallSite.Target(Closure , CallSite , Object , Object )
   в Inheritance.Geometry.Visitor.BodyExtensions.TryAcceptVisitor[TResult](Body body, Object visitor) в D:\Prog\programming2020\CS\Geometry\Visitor\BodyExtensions.cs:строка 9
   в Inheritance.Geometry.Visitor.BoundingBoxVisitor_Should.Cylinder_BoundingBox_IsCorrect(Double x, Double y, Double z, Double radius, Double height) в D:\Prog\programming2020\CS\Geometry\Visitor\BoundingBoxVisitor_Should.cs:строка 86]]></stack-trace>
                </failure>
              </test-case>
              <test-case id="1152" name="Cylinder_BoundingBox_IsCorrect(-6,-2,4)" fullname="Inheritance.Geometry.Visitor.BoundingBoxVisitor_Should.Cylinder_BoundingBox_IsCorrect(-6,-2,4)" methodname="Cylinder_BoundingBox_IsCorrect" classname="Inheritance.Geometry.Visitor.BoundingBoxVisitor_Should" runstate="Runnable" seed="823283812" result="Failed" label="Error" start-time="2021-03-09 05:26:42Z" end-time="2021-03-09 05:26:42Z" duration="0.000572" asserts="0">
                <failure>
                  <message><![CDATA[Microsoft.CSharp.RuntimeBinder.RuntimeBinderException : "Inheritance.Geometry.Visitor.Cylinder" не содержит определения для "Accept"]]></message>
                  <stack-trace><![CDATA[   в CallSite.Target(Closure , CallSite , Object , Object )
   в Inheritance.Geometry.Visitor.BodyExtensions.TryAcceptVisitor[TResult](Body body, Object visitor) в D:\Prog\programming2020\CS\Geometry\Visitor\BodyExtensions.cs:строка 9
   в Inheritance.Geometry.Visitor.BoundingBoxVisitor_Should.Cylinder_BoundingBox_IsCorrect(Double x, Double y, Double z, Double radius, Double height) в D:\Prog\programming2020\CS\Geometry\Visitor\BoundingBoxVisitor_Should.cs:строка 86]]></stack-trace>
                </failure>
              </test-case>
              <test-case id="1153" name="Cylinder_BoundingBox_IsCorrect(-6,-2,-4)" fullname="Inheritance.Geometry.Visitor.BoundingBoxVisitor_Should.Cylinder_BoundingBox_IsCorrect(-6,-2,-4)" methodname="Cylinder_BoundingBox_IsCorrect" classname="Inheritance.Geometry.Visitor.BoundingBoxVisitor_Should" runstate="Runnable" seed="1346948215" result="Failed" label="Error" start-time="2021-03-09 05:26:42Z" end-time="2021-03-09 05:26:42Z" duration="0.000589" asserts="0">
                <failure>
                  <message><![CDATA[Microsoft.CSharp.RuntimeBinder.RuntimeBinderException : "Inheritance.Geometry.Visitor.Cylinder" не содержит определения для "Accept"]]></message>
                  <stack-trace><![CDATA[   в CallSite.Target(Closure , CallSite , Object , Object )
   в Inheritance.Geometry.Visitor.BodyExtensions.TryAcceptVisitor[TResult](Body body, Object visitor) в D:\Prog\programming2020\CS\Geometry\Visitor\BodyExtensions.cs:строка 9
   в Inheritance.Geometry.Visitor.BoundingBoxVisitor_Should.Cylinder_BoundingBox_IsCorrect(Double x, Double y, Double z, Double radius, Double height) в D:\Prog\programming2020\CS\Geometry\Visitor\BoundingBoxVisitor_Should.cs:строка 86]]></stack-trace>
                </failure>
              </test-case>
              <test-case id="1154" name="Cylinder_BoundingBox_IsCorrect(6,2,-4)" fullname="Inheritance.Geometry.Visitor.BoundingBoxVisitor_Should.Cylinder_BoundingBox_IsCorrect(6,2,-4)" methodname="Cylinder_BoundingBox_IsCorrect" classname="Inheritance.Geometry.Visitor.BoundingBoxVisitor_Should" runstate="Runnable" seed="1560087774" result="Failed" label="Error" start-time="2021-03-09 05:26:42Z" end-time="2021-03-09 05:26:42Z" duration="0.000508" asserts="0">
                <failure>
                  <message><![CDATA[Microsoft.CSharp.RuntimeBinder.RuntimeBinderException : "Inheritance.Geometry.Visitor.Cylinder" не содержит определения для "Accept"]]></message>
                  <stack-trace><![CDATA[   в CallSite.Target(Closure , CallSite , Object , Object )
   в Inheritance.Geometry.Visitor.BodyExtensions.TryAcceptVisitor[TResult](Body body, Object visitor) в D:\Prog\programming2020\CS\Geometry\Visitor\BodyExtensions.cs:строка 9
   в Inheritance.Geometry.Visitor.BoundingBoxVisitor_Should.Cylinder_BoundingBox_IsCorrect(Double x, Double y, Double z, Double radius, Double height) в D:\Prog\programming2020\CS\Geometry\Visitor\BoundingBoxVisitor_Should.cs:строка 86]]></stack-trace>
                </failure>
              </test-case>
              <test-case id="1155" name="Cylinder_BoundingBox_IsCorrect(6,-2,-4)" fullname="Inheritance.Geometry.Visitor.BoundingBoxVisitor_Should.Cylinder_BoundingBox_IsCorrect(6,-2,-4)" methodname="Cylinder_BoundingBox_IsCorrect" classname="Inheritance.Geometry.Visitor.BoundingBoxVisitor_Should" runstate="Runnable" seed="52288624" result="Failed" label="Error" start-time="2021-03-09 05:26:42Z" end-time="2021-03-09 05:26:42Z" duration="0.000356" asserts="0">
                <failure>
                  <message><![CDATA[Microsoft.CSharp.RuntimeBinder.RuntimeBinderException : "Inheritance.Geometry.Visitor.Cylinder" не содержит определения для "Accept"]]></message>
                  <stack-trace><![CDATA[   в CallSite.Target(Closure , CallSite , Object , Object )
   в Inheritance.Geometry.Visitor.BodyExtensions.TryAcceptVisitor[TResult](Body body, Object visitor) в D:\Prog\programming2020\CS\Geometry\Visitor\BodyExtensions.cs:строка 9
   в Inheritance.Geometry.Visitor.BoundingBoxVisitor_Should.Cylinder_BoundingBox_IsCorrect(Double x, Double y, Double z, Double radius, Double height) в D:\Prog\programming2020\CS\Geometry\Visitor\BoundingBoxVisitor_Should.cs:строка 86]]></stack-trace>
                </failure>
              </test-case>
            </test-suite>
            <test-suite type="ParameterizedMethod" id="1142" name="RectangularCuboid_BoundingBoxVisitor_IsCorrect" fullname="Inheritance.Geometry.Visitor.BoundingBoxVisitor_Should.RectangularCuboid_BoundingBoxVisitor_IsCorrect" classname="Inheritance.Geometry.Visitor.BoundingBoxVisitor_Should" runstate="Runnable" testcasecount="13" result="Failed" site="Child" start-time="2021-03-09 05:26:42Z" end-time="2021-03-09 05:26:42Z" duration="0.054020" total="13" passed="0" failed="13" warnings="0" inconclusive="0" skipped="0" asserts="0">
              <failure>
                <message><![CDATA[One or more child tests had errors]]></message>
              </failure>
              <test-case id="1129" name="RectangularCuboid_BoundingBoxVisitor_IsCorrect(0,0,0,1,2,3)" fullname="Inheritance.Geometry.Visitor.BoundingBoxVisitor_Should.RectangularCuboid_BoundingBoxVisitor_IsCorrect(0,0,0,1,2,3)" methodname="RectangularCuboid_BoundingBoxVisitor_IsCorrect" classname="Inheritance.Geometry.Visitor.BoundingBoxVisitor_Should" runstate="Runnable" seed="1595360701" result="Failed" label="Error" start-time="2021-03-09 05:26:42Z" end-time="2021-03-09 05:26:42Z" duration="0.001398" asserts="0">
                <failure>
                  <message><![CDATA[Microsoft.CSharp.RuntimeBinder.RuntimeBinderException : "Inheritance.Geometry.Visitor.RectangularCuboid" не содержит определения для "Accept"]]></message>
                  <stack-trace><![CDATA[   в CallSite.Target(Closure , CallSite , Object , Object )
   в System.Dynamic.UpdateDelegates.UpdateAndExecute2[T0,T1,TRet](CallSite site, T0 arg0, T1 arg1)
   в CallSite.Target(Closure , CallSite , Object , Object )
   в Inheritance.Geometry.Visitor.BodyExtensions.TryAcceptVisitor[TResult](Body body, Object visitor) в D:\Prog\programming2020\CS\Geometry\Visitor\BodyExtensions.cs:строка 9
   в Inheritance.Geometry.Visitor.BoundingBoxVisitor_Should.RectangularCuboid_BoundingBoxVisitor_IsCorrect(Double x, Double y, Double z, Double length, Double width, Double height) в D:\Prog\programming2020\CS\Geometry\Visitor\BoundingBoxVisitor_Should.cs:строка 66]]></stack-trace>
                </failure>
              </test-case>
              <test-case id="1130" name="RectangularCuboid_BoundingBoxVisitor_IsCorrect(6,2,4,5,4,7)" fullname="Inheritance.Geometry.Visitor.BoundingBoxVisitor_Should.RectangularCuboid_BoundingBoxVisitor_IsCorrect(6,2,4,5,4,7)" methodname="RectangularCuboid_BoundingBoxVisitor_IsCorrect" classname="Inheritance.Geometry.Visitor.BoundingBoxVisitor_Should" runstate="Runnable" seed="1085528677" result="Failed" label="Error" start-time="2021-03-09 05:26:42Z" end-time="2021-03-09 05:26:42Z" duration="0.000459" asserts="0">
                <failure>
                  <message><![CDATA[Microsoft.CSharp.RuntimeBinder.RuntimeBinderException : "Inheritance.Geometry.Visitor.RectangularCuboid" не содержит определения для "Accept"]]></message>
                  <stack-trace><![CDATA[   в CallSite.Target(Closure , CallSite , Object , Object )
   в Inheritance.Geometry.Visitor.BodyExtensions.TryAcceptVisitor[TResult](Body body, Object visitor) в D:\Prog\programming2020\CS\Geometry\Visitor\BodyExtensions.cs:строка 9
   в Inheritance.Geometry.Visitor.BoundingBoxVisitor_Should.RectangularCuboid_BoundingBoxVisitor_IsCorrect(Double x, Double y, Double z, Double length, Double width, Double height) в D:\Prog\programming2020\CS\Geometry\Visitor\BoundingBoxVisitor_Should.cs:строка 66]]></stack-trace>
                </failure>
              </test-case>
              <test-case id="1131" name="RectangularCuboid_BoundingBoxVisitor_IsCorrect(-6,2,4,5,5,5)" fullname="Inheritance.Geometry.Visitor.BoundingBoxVisitor_Should.RectangularCuboid_BoundingBoxVisitor_IsCorrect(-6,2,4,5,5,5)" methodname="RectangularCuboid_BoundingBoxVisitor_IsCorrect" classname="Inheritance.Geometry.Visitor.BoundingBoxVisitor_Should" runstate="Runnable" seed="1207090766" result="Failed" label="Error" start-time="2021-03-09 05:26:42Z" end-time="2021-03-09 05:26:42Z" duration="0.000360" asserts="0">
                <failure>
                  <message><![CDATA[Microsoft.CSharp.RuntimeBinder.RuntimeBinderException : "Inheritance.Geometry.Visitor.RectangularCuboid" не содержит определения для "Accept"]]></message>
                  <stack-trace><![CDATA[   в CallSite.Target(Closure , CallSite , Object , Object )
   в Inheritance.Geometry.Visitor.BodyExtensions.TryAcceptVisitor[TResult](Body body, Object visitor) в D:\Prog\programming2020\CS\Geometry\Visitor\BodyExtensions.cs:строка 9
   в Inheritance.Geometry.Visitor.BoundingBoxVisitor_Should.RectangularCuboid_BoundingBoxVisitor_IsCorrect(Double x, Double y, Double z, Double length, Double width, Double height) в D:\Prog\programming2020\CS\Geometry\Visitor\BoundingBoxVisitor_Should.cs:строка 66]]></stack-trace>
                </failure>
              </test-case>
              <test-case id="1132" name="RectangularCuboid_BoundingBoxVisitor_IsCorrect(-6,-2,4,0)" fullname="Inheritance.Geometry.Visitor.BoundingBoxVisitor_Should.RectangularCuboid_BoundingBoxVisitor_IsCorrect(-6,-2,4,0)" methodname="RectangularCuboid_BoundingBoxVisitor_IsCorrect" classname="Inheritance.Geometry.Visitor.BoundingBoxVisitor_Should" runstate="Runnable" seed="2040255154" result="Failed" label="Error" start-time="2021-03-09 05:26:42Z" end-time="2021-03-09 05:26:42Z" duration="0.000516" asserts="0">
                <failure>
                  <message><![CDATA[Microsoft.CSharp.RuntimeBinder.RuntimeBinderException : "Inheritance.Geometry.Visitor.RectangularCuboid" не содержит определения для "Accept"]]></message>
                  <stack-trace><![CDATA[   в CallSite.Target(Closure , CallSite , Object , Object )
   в Inheritance.Geometry.Visitor.BodyExtensions.TryAcceptVisitor[TResult](Body body, Object visitor) в D:\Prog\programming2020\CS\Geometry\Visitor\BodyExtensions.cs:строка 9
   в Inheritance.Geometry.Visitor.BoundingBoxVisitor_Should.RectangularCuboid_BoundingBoxVisitor_IsCorrect(Double x, Double y, Double z, Double length, Double width, Double height) в D:\Prog\programming2020\CS\Geometry\Visitor\BoundingBoxVisitor_Should.cs:строка 66]]></stack-trace>
                </failure>
              </test-case>
              <test-case id="1133" name="RectangularCuboid_BoundingBoxVisitor_IsCorrect(-6,-2,-4,0)" fullname="Inheritance.Geometry.Visitor.BoundingBoxVisitor_Should.RectangularCuboid_BoundingBoxVisitor_IsCorrect(-6,-2,-4,0)" methodname="RectangularCuboid_BoundingBoxVisitor_IsCorrect" classname="Inheritance.Geometry.Visitor.BoundingBoxVisitor_Should" runstate="Runnable" seed="414801035" result="Failed" label="Error" start-time="2021-03-09 05:26:42Z" end-time="2021-03-09 05:26:42Z" duration="0.000404" asserts="0">
                <failure>
                  <message><![CDATA[Microsoft.CSharp.RuntimeBinder.RuntimeBinderException : "Inheritance.Geometry.Visitor.RectangularCuboid" не содержит определения для "Accept"]]></message>
                  <stack-trace><![CDATA[   в CallSite.Target(Closure , CallSite , Object , Object )
   в Inheritance.Geometry.Visitor.BodyExtensions.TryAcceptVisitor[TResult](Body body, Object visitor) в D:\Prog\programming2020\CS\Geometry\Visitor\BodyExtensions.cs:строка 9
   в Inheritance.Geometry.Visitor.BoundingBoxVisitor_Should.RectangularCuboid_BoundingBoxVisitor_IsCorrect(Double x, Double y, Double z, Double length, Double width, Double height) в D:\Prog\programming2020\CS\Geometry\Visitor\BoundingBoxVisitor_Should.cs:строка 66]]></stack-trace>
                </failure>
              </test-case>
              <test-case id="1134" name="RectangularCuboid_BoundingBoxVisitor_IsCorrect(6,2,-4,0)" fullname="Inheritance.Geometry.Visitor.BoundingBoxVisitor_Should.RectangularCuboid_BoundingBoxVisitor_IsCorrect(6,2,-4,0)" methodname="RectangularCuboid_BoundingBoxVisitor_IsCorrect" classname="Inheritance.Geometry.Visitor.BoundingBoxVisitor_Should" runstate="Runnable" seed="786440224" result="Failed" label="Error" start-time="2021-03-09 05:26:42Z" end-time="2021-03-09 05:26:42Z" duration="0.000331" asserts="0">
                <failure>
                  <message><![CDATA[Microsoft.CSharp.RuntimeBinder.RuntimeBinderException : "Inheritance.Geometry.Visitor.RectangularCuboid" не содержит определения для "Accept"]]></message>
                  <stack-trace><![CDATA[   в CallSite.Target(Closure , CallSite , Object , Object )
   в Inheritance.Geometry.Visitor.BodyExtensions.TryAcceptVisitor[TResult](Body body, Object visitor) в D:\Prog\programming2020\CS\Geometry\Visitor\BodyExtensions.cs:строка 9
   в Inheritance.Geometry.Visitor.BoundingBoxVisitor_Should.RectangularCuboid_BoundingBoxVisitor_IsCorrect(Double x, Double y, Double z, Double length, Double width, Double height) в D:\Prog\programming2020\CS\Geometry\Visitor\BoundingBoxVisitor_Should.cs:строка 66]]></stack-trace>
                </failure>
              </test-case>
              <test-case id="1135" name="RectangularCuboid_BoundingBoxVisitor_IsCorrect(6,-2,-4,0)" fullname="Inheritance.Geometry.Visitor.BoundingBoxVisitor_Should.RectangularCuboid_BoundingBoxVisitor_IsCorrect(6,-2,-4,0)" methodname="RectangularCuboid_BoundingBoxVisitor_IsCorrect" classname="Inheritance.Geometry.Visitor.BoundingBoxVisitor_Should" runstate="Runnable" seed="1176924255" result="Failed" label="Error" start-time="2021-03-09 05:26:42Z" end-time="2021-03-09 05:26:42Z" duration="0.000480" asserts="0">
                <failure>
                  <message><![CDATA[Microsoft.CSharp.RuntimeBinder.RuntimeBinderException : "Inheritance.Geometry.Visitor.RectangularCuboid" не содержит определения для "Accept"]]></message>
                  <stack-trace><![CDATA[   в CallSite.Target(Closure , CallSite , Object , Object )
   в Inheritance.Geometry.Visitor.BodyExtensions.TryAcceptVisitor[TResult](Body body, Object visitor) в D:\Prog\programming2020\CS\Geometry\Visitor\BodyExtensions.cs:строка 9
   в Inheritance.Geometry.Visitor.BoundingBoxVisitor_Should.RectangularCuboid_BoundingBoxVisitor_IsCorrect(Double x, Double y, Double z, Double length, Double width, Double height) в D:\Prog\programming2020\CS\Geometry\Visitor\BoundingBoxVisitor_Should.cs:строка 66]]></stack-trace>
                </failure>
              </test-case>
              <test-case id="1136" name="RectangularCuboid_BoundingBoxVisitor_IsCorrect(6,2,4,2)" fullname="Inheritance.Geometry.Visitor.BoundingBoxVisitor_Should.RectangularCuboid_BoundingBoxVisitor_IsCorrect(6,2,4,2)" methodname="RectangularCuboid_BoundingBoxVisitor_IsCorrect" classname="Inheritance.Geometry.Visitor.BoundingBoxVisitor_Should" runstate="Runnable" seed="637777997" result="Failed" label="Error" start-time="2021-03-09 05:26:42Z" end-time="2021-03-09 05:26:42Z" duration="0.000345" asserts="0">
                <failure>
                  <message><![CDATA[Microsoft.CSharp.RuntimeBinder.RuntimeBinderException : "Inheritance.Geometry.Visitor.RectangularCuboid" не содержит определения для "Accept"]]></message>
                  <stack-trace><![CDATA[   в CallSite.Target(Closure , CallSite , Object , Object )
   в Inheritance.Geometry.Visitor.BodyExtensions.TryAcceptVisitor[TResult](Body body, Object visitor) в D:\Prog\programming2020\CS\Geometry\Visitor\BodyExtensions.cs:строка 9
   в Inheritance.Geometry.Visitor.BoundingBoxVisitor_Should.RectangularCuboid_BoundingBoxVisitor_IsCorrect(Double x, Double y, Double z, Double length, Double width, Double height) в D:\Prog\programming2020\CS\Geometry\Visitor\BoundingBoxVisitor_Should.cs:строка 66]]></stack-trace>
                </failure>
              </test-case>
              <test-case id="1137" name="RectangularCuboid_BoundingBoxVisitor_IsCorrect(-6,2,4,4)" fullname="Inheritance.Geometry.Visitor.BoundingBoxVisitor_Should.RectangularCuboid_BoundingBoxVisitor_IsCorrect(-6,2,4,4)" methodname="RectangularCuboid_BoundingBoxVisitor_IsCorrect" classname="Inheritance.Geometry.Visitor.BoundingBoxVisitor_Should" runstate="Runnable" seed="599205201" result="Failed" label="Error" start-time="2021-03-09 05:26:42Z" end-time="2021-03-09 05:26:42Z" duration="0.000492" asserts="0">
                <failure>
                  <message><![CDATA[Microsoft.CSharp.RuntimeBinder.RuntimeBinderException : "Inheritance.Geometry.Visitor.RectangularCuboid" не содержит определения для "Accept"]]></message>
                  <stack-trace><![CDATA[   в CallSite.Target(Closure , CallSite , Object , Object )
   в Inheritance.Geometry.Visitor.BodyExtensions.TryAcceptVisitor[TResult](Body body, Object visitor) в D:\Prog\programming2020\CS\Geometry\Visitor\BodyExtensions.cs:строка 9
   в Inheritance.Geometry.Visitor.BoundingBoxVisitor_Should.RectangularCuboid_BoundingBoxVisitor_IsCorrect(Double x, Double y, Double z, Double length, Double width, Double height) в D:\Prog\programming2020\CS\Geometry\Visitor\BoundingBoxVisitor_Should.cs:строка 66]]></stack-trace>
                </failure>
              </test-case>
              <test-case id="1138" name="RectangularCuboid_BoundingBoxVisitor_IsCorrect(-6,-2,4,9)" fullname="Inheritance.Geometry.Visitor.BoundingBoxVisitor_Should.RectangularCuboid_BoundingBoxVisitor_IsCorrect(-6,-2,4,9)" methodname="RectangularCuboid_BoundingBoxVisitor_IsCorrect" classname="Inheritance.Geometry.Visitor.BoundingBoxVisitor_Should" runstate="Runnable" seed="1676470066" result="Failed" label="Error" start-time="2021-03-09 05:26:42Z" end-time="2021-03-09 05:26:42Z" duration="0.000399" asserts="0">
                <failure>
                  <message><![CDATA[Microsoft.CSharp.RuntimeBinder.RuntimeBinderException : "Inheritance.Geometry.Visitor.RectangularCuboid" не содержит определения для "Accept"]]></message>
                  <stack-trace><![CDATA[   в CallSite.Target(Closure , CallSite , Object , Object )
   в Inheritance.Geometry.Visitor.BodyExtensions.TryAcceptVisitor[TResult](Body body, Object visitor) в D:\Prog\programming2020\CS\Geometry\Visitor\BodyExtensions.cs:строка 9
   в Inheritance.Geometry.Visitor.BoundingBoxVisitor_Should.RectangularCuboid_BoundingBoxVisitor_IsCorrect(Double x, Double y, Double z, Double length, Double width, Double height) в D:\Prog\programming2020\CS\Geometry\Visitor\BoundingBoxVisitor_Should.cs:строка 66]]></stack-trace>
                </failure>
              </test-case>
              <test-case id="1139" name="RectangularCuboid_BoundingBoxVisitor_IsCorrect(-6,-2,-4,8)" fullname="Inheritance.Geometry.Visitor.BoundingBoxVisitor_Should.RectangularCuboid_BoundingBoxVisitor_IsCorrect(-6,-2,-4,8)" methodname="RectangularCuboid_BoundingBoxVisitor_IsCorrect" classname="Inheritance.Geometry.Visitor.BoundingBoxVisitor_Should" runstate="Runnable" seed="1193342158" result="Failed" label="Error" start-time="2021-03-09 05:26:42Z" end-time="2021-03-09 05:26:42Z" duration="0.000321" asserts="0">
                <failure>
                  <message><![CDATA[Microsoft.CSharp.RuntimeBinder.RuntimeBinderException : "Inheritance.Geometry.Visitor.RectangularCuboid" не содержит определения для "Accept"]]></message>
                  <stack-trace><![CDATA[   в CallSite.Target(Closure , CallSite , Object , Object )
   в Inheritance.Geometry.Visitor.BodyExtensions.TryAcceptVisitor[TResult](Body body, Object visitor) в D:\Prog\programming2020\CS\Geometry\Visitor\BodyExtensions.cs:строка 9
   в Inheritance.Geometry.Visitor.BoundingBoxVisitor_Should.RectangularCuboid_BoundingBoxVisitor_IsCorrect(Double x, Double y, Double z, Double length, Double width, Double height) в D:\Prog\programming2020\CS\Geometry\Visitor\BoundingBoxVisitor_Should.cs:строка 66]]></stack-trace>
                </failure>
              </test-case>
              <test-case id="1140" name="RectangularCuboid_BoundingBoxVisitor_IsCorrect(6,2,-4,7)" fullname="Inheritance.Geometry.Visitor.BoundingBoxVisitor_Should.RectangularCuboid_BoundingBoxVisitor_IsCorrect(6,2,-4,7)" methodname="RectangularCuboid_BoundingBoxVisitor_IsCorrect" classname="Inheritance.Geometry.Visitor.BoundingBoxVisitor_Should" runstate="Runnable" seed="1776551563" result="Failed" label="Error" start-time="2021-03-09 05:26:42Z" end-time="2021-03-09 05:26:42Z" duration="0.000531" asserts="0">
                <failure>
                  <message><![CDATA[Microsoft.CSharp.RuntimeBinder.RuntimeBinderException : "Inheritance.Geometry.Visitor.RectangularCuboid" не содержит определения для "Accept"]]></message>
                  <stack-trace><![CDATA[   в CallSite.Target(Closure , CallSite , Object , Object )
   в Inheritance.Geometry.Visitor.BodyExtensions.TryAcceptVisitor[TResult](Body body, Object visitor) в D:\Prog\programming2020\CS\Geometry\Visitor\BodyExtensions.cs:строка 9
   в Inheritance.Geometry.Visitor.BoundingBoxVisitor_Should.RectangularCuboid_BoundingBoxVisitor_IsCorrect(Double x, Double y, Double z, Double length, Double width, Double height) в D:\Prog\programming2020\CS\Geometry\Visitor\BoundingBoxVisitor_Should.cs:строка 66]]></stack-trace>
                </failure>
              </test-case>
              <test-case id="1141" name="RectangularCuboid_BoundingBoxVisitor_IsCorrect(6,-2,-4,1)" fullname="Inheritance.Geometry.Visitor.BoundingBoxVisitor_Should.RectangularCuboid_BoundingBoxVisitor_IsCorrect(6,-2,-4,1)" methodname="RectangularCuboid_BoundingBoxVisitor_IsCorrect" classname="Inheritance.Geometry.Visitor.BoundingBoxVisitor_Should" runstate="Runnable" seed="1475578641" result="Failed" label="Error" start-time="2021-03-09 05:26:42Z" end-time="2021-03-09 05:26:42Z" duration="0.000454" asserts="0">
                <failure>
                  <message><![CDATA[Microsoft.CSharp.RuntimeBinder.RuntimeBinderException : "Inheritance.Geometry.Visitor.RectangularCuboid" не содержит определения для "Accept"]]></message>
                  <stack-trace><![CDATA[   в CallSite.Target(Closure , CallSite , Object , Object )
   в Inheritance.Geometry.Visitor.BodyExtensions.TryAcceptVisitor[TResult](Body body, Object visitor) в D:\Prog\programming2020\CS\Geometry\Visitor\BodyExtensions.cs:строка 9
   в Inheritance.Geometry.Visitor.BoundingBoxVisitor_Should.RectangularCuboid_BoundingBoxVisitor_IsCorrect(Double x, Double y, Double z, Double length, Double width, Double height) в D:\Prog\programming2020\CS\Geometry\Visitor\BoundingBoxVisitor_Should.cs:строка 66]]></stack-trace>
                </failure>
              </test-case>
            </test-suite>
          </test-suite>
          <test-suite type="TestFixture" id="1167" name="BoxifyVisitor_Should" fullname="Inheritance.Geometry.Visitor.BoxifyVisitor_Should" classname="Inheritance.Geometry.Visitor.BoxifyVisitor_Should" runstate="Runnable" testcasecount="4" result="Failed" site="Child" start-time="2021-03-09 05:26:42Z" end-time="2021-03-09 05:26:42Z" duration="0.021060" total="4" passed="0" failed="4" warnings="0" inconclusive="0" skipped="0" asserts="0">
            <failure>
              <message><![CDATA[One or more child tests had errors]]></message>
            </failure>
            <test-case id="1168" name="Ball_BoxifyVisitor_IsCorrect" fullname="Inheritance.Geometry.Visitor.BoxifyVisitor_Should.Ball_BoxifyVisitor_IsCorrect" methodname="Ball_BoxifyVisitor_IsCorrect" classname="Inheritance.Geometry.Visitor.BoxifyVisitor_Should" runstate="Runnable" seed="350878775" result="Failed" label="Error" start-time="2021-03-09 05:26:42Z" end-time="2021-03-09 05:26:42Z" duration="0.001401" asserts="0">
              <failure>
                <message><![CDATA[Microsoft.CSharp.RuntimeBinder.RuntimeBinderException : "Inheritance.Geometry.Visitor.Ball" не содержит определения для "Accept"]]></message>
                <stack-trace><![CDATA[   в CallSite.Target(Closure , CallSite , Object , Object )
   в System.Dynamic.UpdateDelegates.UpdateAndExecute2[T0,T1,TRet](CallSite site, T0 arg0, T1 arg1)
   в CallSite.Target(Closure , CallSite , Object , Object )
   в Inheritance.Geometry.Visitor.BodyExtensions.TryAcceptVisitor[TResult](Body body, Object visitor) в D:\Prog\programming2020\CS\Geometry\Visitor\BodyExtensions.cs:строка 9
   в Inheritance.Geometry.Visitor.BoxifyVisitor_Should.Ball_BoxifyVisitor_IsCorrect() в D:\Prog\programming2020\CS\Geometry\Visitor\BoxifyVisitor_Should.cs:строка 15]]></stack-trace>
              </failure>
            </test-case>
            <test-case id="1171" name="CompoundBody_BoxifyVisitor_IsCorrect" fullname="Inheritance.Geometry.Visitor.BoxifyVisitor_Should.CompoundBody_BoxifyVisitor_IsCorrect" methodname="CompoundBody_BoxifyVisitor_IsCorrect" classname="Inheritance.Geometry.Visitor.BoxifyVisitor_Should" runstate="Runnable" seed="738782119" result="Failed" label="Error" start-time="2021-03-09 05:26:42Z" end-time="2021-03-09 05:26:42Z" duration="0.002132" asserts="0">
              <failure>
                <message><![CDATA[Microsoft.CSharp.RuntimeBinder.RuntimeBinderException : "Inheritance.Geometry.Visitor.CompoundBody" не содержит определения для "Accept"]]></message>
                <stack-trace><![CDATA[   в CallSite.Target(Closure , CallSite , Object , Object )
   в System.Dynamic.UpdateDelegates.UpdateAndExecute2[T0,T1,TRet](CallSite site, T0 arg0, T1 arg1)
   в Inheritance.Geometry.Visitor.BodyExtensions.TryAcceptVisitor[TResult](Body body, Object visitor) в D:\Prog\programming2020\CS\Geometry\Visitor\BodyExtensions.cs:строка 9
   в Inheritance.Geometry.Visitor.BoxifyVisitor_Should.CompoundBody_BoxifyVisitor_IsCorrect() в D:\Prog\programming2020\CS\Geometry\Visitor\BoxifyVisitor_Should.cs:строка 55]]></stack-trace>
              </failure>
            </test-case>
            <test-case id="1170" name="Cylinder_BoxifyVisitor_IsCorrect" fullname="Inheritance.Geometry.Visitor.BoxifyVisitor_Should.Cylinder_BoxifyVisitor_IsCorrect" methodname="Cylinder_BoxifyVisitor_IsCorrect" classname="Inheritance.Geometry.Visitor.BoxifyVisitor_Should" runstate="Runnable" seed="407312803" result="Failed" label="Error" start-time="2021-03-09 05:26:42Z" end-time="2021-03-09 05:26:42Z" duration="0.001344" asserts="0">
              <failure>
                <message><![CDATA[Microsoft.CSharp.RuntimeBinder.RuntimeBinderException : "Inheritance.Geometry.Visitor.Cylinder" не содержит определения для "Accept"]]></message>
                <stack-trace><![CDATA[   в CallSite.Target(Closure , CallSite , Object , Object )
   в System.Dynamic.UpdateDelegates.UpdateAndExecute2[T0,T1,TRet](CallSite site, T0 arg0, T1 arg1)
   в CallSite.Target(Closure , CallSite , Object , Object )
   в Inheritance.Geometry.Visitor.BodyExtensions.TryAcceptVisitor[TResult](Body body, Object visitor) в D:\Prog\programming2020\CS\Geometry\Visitor\BodyExtensions.cs:строка 9
   в Inheritance.Geometry.Visitor.BoxifyVisitor_Should.Cylinder_BoxifyVisitor_IsCorrect() в D:\Prog\programming2020\CS\Geometry\Visitor\BoxifyVisitor_Should.cs:строка 37]]></stack-trace>
              </failure>
            </test-case>
            <test-case id="1169" name="RectangularCuboid_BoxifyVisitor_IsCorrect" fullname="Inheritance.Geometry.Visitor.BoxifyVisitor_Should.RectangularCuboid_BoxifyVisitor_IsCorrect" methodname="RectangularCuboid_BoxifyVisitor_IsCorrect" classname="Inheritance.Geometry.Visitor.BoxifyVisitor_Should" runstate="Runnable" seed="1015476108" result="Failed" label="Error" start-time="2021-03-09 05:26:42Z" end-time="2021-03-09 05:26:42Z" duration="0.001291" asserts="0">
              <failure>
                <message><![CDATA[Microsoft.CSharp.RuntimeBinder.RuntimeBinderException : "Inheritance.Geometry.Visitor.RectangularCuboid" не содержит определения для "Accept"]]></message>
                <stack-trace><![CDATA[   в CallSite.Target(Closure , CallSite , Object , Object )
   в System.Dynamic.UpdateDelegates.UpdateAndExecute2[T0,T1,TRet](CallSite site, T0 arg0, T1 arg1)
   в CallSite.Target(Closure , CallSite , Object , Object )
   в Inheritance.Geometry.Visitor.BodyExtensions.TryAcceptVisitor[TResult](Body body, Object visitor) в D:\Prog\programming2020\CS\Geometry\Visitor\BodyExtensions.cs:строка 9
   в Inheritance.Geometry.Visitor.BoxifyVisitor_Should.RectangularCuboid_BoxifyVisitor_IsCorrect() в D:\Prog\programming2020\CS\Geometry\Visitor\BoxifyVisitor_Should.cs:строка 26]]></stack-trace>
              </failure>
            </test-case>
          </test-suite>
        </test-suite>
      </test-suite>
    </test-suite>
  </test-suite>
</test-run>